<?xml version="1.0" encoding="UTF-8"?>
<testng-results ignored="0" total="2" passed="2" failed="0" skipped="0">
  <reporter-output>
  </reporter-output>
  <suite started-at="2024-04-09T14:23:56 IST" name="Suite" finished-at="2024-04-09T14:25:54 IST" duration-ms="118154">
    <groups>
    </groups>
    <test started-at="2024-04-09T14:23:56 IST" name="Test" finished-at="2024-04-09T14:25:54 IST" duration-ms="118154">
      <class name="Rm_module.Applaunch">
        <test-method is-config="true" signature="setUp()[pri:0, instance:Rm_module.Applaunch@1bc715b8]" started-at="2024-04-09T14:23:56 IST" name="setUp" finished-at="2024-04-09T14:24:27 IST" duration-ms="30771" status="PASS">
          <reporter-output>
          </reporter-output>
        </test-method> <!-- setUp -->
        <test-method signature="testDashboardNavigation()[pri:1, instance:Rm_module.Applaunch@1bc715b8]" started-at="2024-04-09T14:24:27 IST" name="testDashboardNavigation" finished-at="2024-04-09T14:25:33 IST" duration-ms="66044" status="PASS">
          <reporter-output>
          </reporter-output>
        </test-method> <!-- testDashboardNavigation -->
        <test-method signature="testoverview()[pri:2, instance:Rm_module.Applaunch@1bc715b8]" started-at="2024-04-09T14:25:33 IST" name="testoverview" finished-at="2024-04-09T14:25:52 IST" duration-ms="19181" status="PASS">
          <reporter-output>
          </reporter-output>
        </test-method> <!-- testoverview -->
        <test-method is-config="true" signature="tearDown()[pri:0, instance:Rm_module.Applaunch@1bc715b8]" started-at="2024-04-09T14:25:52 IST" name="tearDown" finished-at="2024-04-09T14:25:54 IST" duration-ms="1973" status="PASS">
          <reporter-output>
          </reporter-output>
        </test-method> <!-- tearDown -->
      </class> <!-- Rm_module.Applaunch -->
    </test> <!-- Test -->
  </suite> <!-- Suite -->
</testng-results>
