<?xml version="1.0" encoding="UTF-8"?>
<testng-results ignored="0" total="10" passed="0" failed="0" skipped="10">
  <reporter-output>
  </reporter-output>
  <suite started-at="2024-03-19T14:50:35 IST" name="Default suite" finished-at="2024-03-19T14:50:58 IST" duration-ms="22490">
    <groups>
    </groups>
    <test started-at="2024-03-19T14:50:35 IST" name="Default test" finished-at="2024-03-19T14:50:58 IST" duration-ms="22490">
      <class name="Rm_module.Applaunch">
        <test-method is-config="true" signature="setUp()[pri:0, instance:Rm_module.Applaunch@75cd8043]" started-at="2024-03-19T14:50:35 IST" name="setUp" finished-at="2024-03-19T14:50:58 IST" duration-ms="22357" status="FAIL">
          <exception class="org.openqa.selenium.SessionNotCreatedException">
            <message>
              <![CDATA[Could not start a new session. Response code 500. Message: An unknown server-side error occurred while processing the command. Original error: Could not find a connected Android device in 20088ms. 
Host info: host: 'DESKTOP-0QK6R0J', ip: '192.168.87.58'
Build info: version: '4.13.0', revision: 'ba948ece5b*'
System info: os.name: 'Windows 10', os.arch: 'amd64', os.version: '10.0', java.version: '17.0.6'
Driver info: io.appium.java_client.android.AndroidDriver
Command: [null, newSession {capabilities=[{appium:app=C:\Users\Bloxuser\AndroidStudioProjects\RM_APP\build\app\outputs\flutter-apk\app-uat-debug.apk, appium:appActivity=com.blox.app.rm.MainActivity, appium:appPackage=com.blox.app.rm.uat, appium:autoGrantPermissions=true, appium:automationName=Flutter, appium:deviceName=ZD222B2QJG, appium:fullReset=true, appium:noReset=false, platformName=ANDROID, appium:platformVersion=13}], desiredCapabilities=Capabilities {app: C:\Users\Bloxuser\AndroidSt..., appActivity: com.blox.app.rm.MainActivity, appPackage: com.blox.app.rm.uat, autoGrantPermissions: true, automationName: Flutter, deviceName: ZD222B2QJG, fullReset: true, noReset: false, platformName: ANDROID, platformVersion: 13}}]
Capabilities {app: C:\Users\Bloxuser\AndroidSt..., appActivity: com.blox.app.rm.MainActivity, appPackage: com.blox.app.rm.uat, autoGrantPermissions: true, automationName: Flutter, deviceName: ZD222B2QJG, fullReset: true, noReset: false, platformName: ANDROID, platformVersion: 13}]]>
            </message>
            <full-stacktrace>
              <![CDATA[org.openqa.selenium.SessionNotCreatedException: Could not start a new session. Response code 500. Message: An unknown server-side error occurred while processing the command. Original error: Could not find a connected Android device in 20088ms. 
Host info: host: 'DESKTOP-0QK6R0J', ip: '192.168.87.58'
Build info: version: '4.13.0', revision: 'ba948ece5b*'
System info: os.name: 'Windows 10', os.arch: 'amd64', os.version: '10.0', java.version: '17.0.6'
Driver info: io.appium.java_client.android.AndroidDriver
Command: [null, newSession {capabilities=[{appium:app=C:\Users\Bloxuser\AndroidStudioProjects\RM_APP\build\app\outputs\flutter-apk\app-uat-debug.apk, appium:appActivity=com.blox.app.rm.MainActivity, appium:appPackage=com.blox.app.rm.uat, appium:autoGrantPermissions=true, appium:automationName=Flutter, appium:deviceName=ZD222B2QJG, appium:fullReset=true, appium:noReset=false, platformName=ANDROID, appium:platformVersion=13}], desiredCapabilities=Capabilities {app: C:\Users\Bloxuser\AndroidSt..., appActivity: com.blox.app.rm.MainActivity, appPackage: com.blox.app.rm.uat, autoGrantPermissions: true, automationName: Flutter, deviceName: ZD222B2QJG, fullReset: true, noReset: false, platformName: ANDROID, platformVersion: 13}}]
Capabilities {app: C:\Users\Bloxuser\AndroidSt..., appActivity: com.blox.app.rm.MainActivity, appPackage: com.blox.app.rm.uat, autoGrantPermissions: true, automationName: Flutter, deviceName: ZD222B2QJG, fullReset: true, noReset: false, platformName: ANDROID, platformVersion: 13}
at org.openqa.selenium.remote.ProtocolHandshake.createSession(ProtocolHandshake.java:140)
at java.base/jdk.internal.reflect.NativeMethodAccessorImpl.invoke0(Native Method)
at java.base/jdk.internal.reflect.NativeMethodAccessorImpl.invoke(NativeMethodAccessorImpl.java:77)
at java.base/jdk.internal.reflect.DelegatingMethodAccessorImpl.invoke(DelegatingMethodAccessorImpl.java:43)
at java.base/java.lang.reflect.Method.invoke(Method.java:568)
at io.appium.java_client.remote.AppiumProtocolHandshake.createSession(AppiumProtocolHandshake.java:133)
at io.appium.java_client.remote.AppiumProtocolHandshake.createSession(AppiumProtocolHandshake.java:102)
at io.appium.java_client.remote.AppiumCommandExecutor.createSession(AppiumCommandExecutor.java:182)
at io.appium.java_client.remote.AppiumCommandExecutor.execute(AppiumCommandExecutor.java:250)
at org.openqa.selenium.remote.RemoteWebDriver.execute(RemoteWebDriver.java:602)
at io.appium.java_client.AppiumDriver.startSession(AppiumDriver.java:274)
at org.openqa.selenium.remote.RemoteWebDriver.<init>(RemoteWebDriver.java:163)
at io.appium.java_client.AppiumDriver.<init>(AppiumDriver.java:89)
at io.appium.java_client.AppiumDriver.<init>(AppiumDriver.java:101)
at io.appium.java_client.android.AndroidDriver.<init>(AndroidDriver.java:113)
at Rm_module.Applaunch.setUp(Applaunch.java:37)
at java.base/jdk.internal.reflect.NativeMethodAccessorImpl.invoke0(Native Method)
at java.base/jdk.internal.reflect.NativeMethodAccessorImpl.invoke(NativeMethodAccessorImpl.java:77)
at java.base/jdk.internal.reflect.DelegatingMethodAccessorImpl.invoke(DelegatingMethodAccessorImpl.java:43)
at java.base/java.lang.reflect.Method.invoke(Method.java:568)
at org.testng.internal.MethodInvocationHelper.invokeMethod(MethodInvocationHelper.java:133)
at org.testng.internal.MethodInvocationHelper.invokeMethodConsideringTimeout(MethodInvocationHelper.java:62)
at org.testng.internal.ConfigInvoker.invokeConfigurationMethod(ConfigInvoker.java:385)
at org.testng.internal.ConfigInvoker.invokeConfigurations(ConfigInvoker.java:321)
at org.testng.internal.TestInvoker.runConfigMethods(TestInvoker.java:700)
at org.testng.internal.TestInvoker.invokeMethod(TestInvoker.java:527)
at org.testng.internal.TestInvoker.invokeTestMethod(TestInvoker.java:173)
at org.testng.internal.MethodRunner.runInSequence(MethodRunner.java:46)
at org.testng.internal.TestInvoker$MethodInvocationAgent.invoke(TestInvoker.java:824)
at org.testng.internal.TestInvoker.invokeTestMethods(TestInvoker.java:146)
at org.testng.internal.TestMethodWorker.invokeTestMethods(TestMethodWorker.java:146)
at org.testng.internal.TestMethodWorker.run(TestMethodWorker.java:128)
at java.base/java.util.ArrayList.forEach(ArrayList.java:1511)
at org.testng.TestRunner.privateRun(TestRunner.java:794)
at org.testng.TestRunner.run(TestRunner.java:596)
at org.testng.SuiteRunner.runTest(SuiteRunner.java:377)
at org.testng.SuiteRunner.runSequentially(SuiteRunner.java:371)
at org.testng.SuiteRunner.privateRun(SuiteRunner.java:332)
at org.testng.SuiteRunner.run(SuiteRunner.java:276)
at org.testng.SuiteRunnerWorker.runSuite(SuiteRunnerWorker.java:53)
at org.testng.SuiteRunnerWorker.run(SuiteRunnerWorker.java:96)
at org.testng.TestNG.runSuitesSequentially(TestNG.java:1212)
at org.testng.TestNG.runSuitesLocally(TestNG.java:1134)
at org.testng.TestNG.runSuites(TestNG.java:1063)
at org.testng.TestNG.run(TestNG.java:1031)
at org.testng.remote.AbstractRemoteTestNG.run(AbstractRemoteTestNG.java:115)
at org.testng.remote.RemoteTestNG.initAndRun(RemoteTestNG.java:251)
at org.testng.remote.RemoteTestNG.main(RemoteTestNG.java:77)
]]>
            </full-stacktrace>
          </exception> <!-- org.openqa.selenium.SessionNotCreatedException -->
          <reporter-output>
          </reporter-output>
        </test-method> <!-- setUp -->
        <test-method signature="testDashboardNavigation()[pri:0, instance:Rm_module.Applaunch@75cd8043]" started-at="2024-03-19T14:50:58 IST" name="testDashboardNavigation" finished-at="2024-03-19T14:50:58 IST" duration-ms="0" status="SKIP">
          <exception class="org.openqa.selenium.SessionNotCreatedException">
            <message>
              <![CDATA[Could not start a new session. Response code 500. Message: An unknown server-side error occurred while processing the command. Original error: Could not find a connected Android device in 20088ms. 
Host info: host: 'DESKTOP-0QK6R0J', ip: '192.168.87.58'
Build info: version: '4.13.0', revision: 'ba948ece5b*'
System info: os.name: 'Windows 10', os.arch: 'amd64', os.version: '10.0', java.version: '17.0.6'
Driver info: io.appium.java_client.android.AndroidDriver
Command: [null, newSession {capabilities=[{appium:app=C:\Users\Bloxuser\AndroidStudioProjects\RM_APP\build\app\outputs\flutter-apk\app-uat-debug.apk, appium:appActivity=com.blox.app.rm.MainActivity, appium:appPackage=com.blox.app.rm.uat, appium:autoGrantPermissions=true, appium:automationName=Flutter, appium:deviceName=ZD222B2QJG, appium:fullReset=true, appium:noReset=false, platformName=ANDROID, appium:platformVersion=13}], desiredCapabilities=Capabilities {app: C:\Users\Bloxuser\AndroidSt..., appActivity: com.blox.app.rm.MainActivity, appPackage: com.blox.app.rm.uat, autoGrantPermissions: true, automationName: Flutter, deviceName: ZD222B2QJG, fullReset: true, noReset: false, platformName: ANDROID, platformVersion: 13}}]
Capabilities {app: C:\Users\Bloxuser\AndroidSt..., appActivity: com.blox.app.rm.MainActivity, appPackage: com.blox.app.rm.uat, autoGrantPermissions: true, automationName: Flutter, deviceName: ZD222B2QJG, fullReset: true, noReset: false, platformName: ANDROID, platformVersion: 13}]]>
            </message>
            <full-stacktrace>
              <![CDATA[org.openqa.selenium.SessionNotCreatedException: Could not start a new session. Response code 500. Message: An unknown server-side error occurred while processing the command. Original error: Could not find a connected Android device in 20088ms. 
Host info: host: 'DESKTOP-0QK6R0J', ip: '192.168.87.58'
Build info: version: '4.13.0', revision: 'ba948ece5b*'
System info: os.name: 'Windows 10', os.arch: 'amd64', os.version: '10.0', java.version: '17.0.6'
Driver info: io.appium.java_client.android.AndroidDriver
Command: [null, newSession {capabilities=[{appium:app=C:\Users\Bloxuser\AndroidStudioProjects\RM_APP\build\app\outputs\flutter-apk\app-uat-debug.apk, appium:appActivity=com.blox.app.rm.MainActivity, appium:appPackage=com.blox.app.rm.uat, appium:autoGrantPermissions=true, appium:automationName=Flutter, appium:deviceName=ZD222B2QJG, appium:fullReset=true, appium:noReset=false, platformName=ANDROID, appium:platformVersion=13}], desiredCapabilities=Capabilities {app: C:\Users\Bloxuser\AndroidSt..., appActivity: com.blox.app.rm.MainActivity, appPackage: com.blox.app.rm.uat, autoGrantPermissions: true, automationName: Flutter, deviceName: ZD222B2QJG, fullReset: true, noReset: false, platformName: ANDROID, platformVersion: 13}}]
Capabilities {app: C:\Users\Bloxuser\AndroidSt..., appActivity: com.blox.app.rm.MainActivity, appPackage: com.blox.app.rm.uat, autoGrantPermissions: true, automationName: Flutter, deviceName: ZD222B2QJG, fullReset: true, noReset: false, platformName: ANDROID, platformVersion: 13}
at org.openqa.selenium.remote.ProtocolHandshake.createSession(ProtocolHandshake.java:140)
at java.base/jdk.internal.reflect.NativeMethodAccessorImpl.invoke0(Native Method)
at java.base/jdk.internal.reflect.NativeMethodAccessorImpl.invoke(NativeMethodAccessorImpl.java:77)
at java.base/jdk.internal.reflect.DelegatingMethodAccessorImpl.invoke(DelegatingMethodAccessorImpl.java:43)
at java.base/java.lang.reflect.Method.invoke(Method.java:568)
at io.appium.java_client.remote.AppiumProtocolHandshake.createSession(AppiumProtocolHandshake.java:133)
at io.appium.java_client.remote.AppiumProtocolHandshake.createSession(AppiumProtocolHandshake.java:102)
at io.appium.java_client.remote.AppiumCommandExecutor.createSession(AppiumCommandExecutor.java:182)
at io.appium.java_client.remote.AppiumCommandExecutor.execute(AppiumCommandExecutor.java:250)
at org.openqa.selenium.remote.RemoteWebDriver.execute(RemoteWebDriver.java:602)
at io.appium.java_client.AppiumDriver.startSession(AppiumDriver.java:274)
at org.openqa.selenium.remote.RemoteWebDriver.<init>(RemoteWebDriver.java:163)
at io.appium.java_client.AppiumDriver.<init>(AppiumDriver.java:89)
at io.appium.java_client.AppiumDriver.<init>(AppiumDriver.java:101)
at io.appium.java_client.android.AndroidDriver.<init>(AndroidDriver.java:113)
at Rm_module.Applaunch.setUp(Applaunch.java:37)
at java.base/jdk.internal.reflect.NativeMethodAccessorImpl.invoke0(Native Method)
at java.base/jdk.internal.reflect.NativeMethodAccessorImpl.invoke(NativeMethodAccessorImpl.java:77)
at java.base/jdk.internal.reflect.DelegatingMethodAccessorImpl.invoke(DelegatingMethodAccessorImpl.java:43)
at java.base/java.lang.reflect.Method.invoke(Method.java:568)
at org.testng.internal.MethodInvocationHelper.invokeMethod(MethodInvocationHelper.java:133)
at org.testng.internal.MethodInvocationHelper.invokeMethodConsideringTimeout(MethodInvocationHelper.java:62)
at org.testng.internal.ConfigInvoker.invokeConfigurationMethod(ConfigInvoker.java:385)
at org.testng.internal.ConfigInvoker.invokeConfigurations(ConfigInvoker.java:321)
at org.testng.internal.TestInvoker.runConfigMethods(TestInvoker.java:700)
at org.testng.internal.TestInvoker.invokeMethod(TestInvoker.java:527)
at org.testng.internal.TestInvoker.invokeTestMethod(TestInvoker.java:173)
at org.testng.internal.MethodRunner.runInSequence(MethodRunner.java:46)
at org.testng.internal.TestInvoker$MethodInvocationAgent.invoke(TestInvoker.java:824)
at org.testng.internal.TestInvoker.invokeTestMethods(TestInvoker.java:146)
at org.testng.internal.TestMethodWorker.invokeTestMethods(TestMethodWorker.java:146)
at org.testng.internal.TestMethodWorker.run(TestMethodWorker.java:128)
at java.base/java.util.ArrayList.forEach(ArrayList.java:1511)
at org.testng.TestRunner.privateRun(TestRunner.java:794)
at org.testng.TestRunner.run(TestRunner.java:596)
at org.testng.SuiteRunner.runTest(SuiteRunner.java:377)
at org.testng.SuiteRunner.runSequentially(SuiteRunner.java:371)
at org.testng.SuiteRunner.privateRun(SuiteRunner.java:332)
at org.testng.SuiteRunner.run(SuiteRunner.java:276)
at org.testng.SuiteRunnerWorker.runSuite(SuiteRunnerWorker.java:53)
at org.testng.SuiteRunnerWorker.run(SuiteRunnerWorker.java:96)
at org.testng.TestNG.runSuitesSequentially(TestNG.java:1212)
at org.testng.TestNG.runSuitesLocally(TestNG.java:1134)
at org.testng.TestNG.runSuites(TestNG.java:1063)
at org.testng.TestNG.run(TestNG.java:1031)
at org.testng.remote.AbstractRemoteTestNG.run(AbstractRemoteTestNG.java:115)
at org.testng.remote.RemoteTestNG.initAndRun(RemoteTestNG.java:251)
at org.testng.remote.RemoteTestNG.main(RemoteTestNG.java:77)
]]>
            </full-stacktrace>
          </exception> <!-- org.openqa.selenium.SessionNotCreatedException -->
          <reporter-output>
          </reporter-output>
        </test-method> <!-- testDashboardNavigation -->
        <test-method is-config="true" signature="tearDown()[pri:0, instance:Rm_module.Applaunch@75cd8043]" started-at="2024-03-19T14:50:58 IST" name="tearDown" finished-at="1970-01-01T05:30:00 IST" duration-ms="-1710840058178" status="SKIP">
          <reporter-output>
          </reporter-output>
        </test-method> <!-- tearDown -->
        <test-method is-config="true" signature="setUp()[pri:0, instance:Rm_module.Applaunch@75cd8043]" started-at="2024-03-19T14:50:58 IST" name="setUp" finished-at="1970-01-01T05:30:00 IST" duration-ms="-1710840058182" status="SKIP">
          <reporter-output>
          </reporter-output>
        </test-method> <!-- setUp -->
        <test-method signature="testMyFollowUp()[pri:0, instance:Rm_module.Applaunch@75cd8043]" started-at="2024-03-19T14:50:58 IST" name="testMyFollowUp" finished-at="2024-03-19T14:50:58 IST" duration-ms="0" status="SKIP">
          <exception class="org.openqa.selenium.SessionNotCreatedException">
            <message>
              <![CDATA[Could not start a new session. Response code 500. Message: An unknown server-side error occurred while processing the command. Original error: Could not find a connected Android device in 20088ms. 
Host info: host: 'DESKTOP-0QK6R0J', ip: '192.168.87.58'
Build info: version: '4.13.0', revision: 'ba948ece5b*'
System info: os.name: 'Windows 10', os.arch: 'amd64', os.version: '10.0', java.version: '17.0.6'
Driver info: io.appium.java_client.android.AndroidDriver
Command: [null, newSession {capabilities=[{appium:app=C:\Users\Bloxuser\AndroidStudioProjects\RM_APP\build\app\outputs\flutter-apk\app-uat-debug.apk, appium:appActivity=com.blox.app.rm.MainActivity, appium:appPackage=com.blox.app.rm.uat, appium:autoGrantPermissions=true, appium:automationName=Flutter, appium:deviceName=ZD222B2QJG, appium:fullReset=true, appium:noReset=false, platformName=ANDROID, appium:platformVersion=13}], desiredCapabilities=Capabilities {app: C:\Users\Bloxuser\AndroidSt..., appActivity: com.blox.app.rm.MainActivity, appPackage: com.blox.app.rm.uat, autoGrantPermissions: true, automationName: Flutter, deviceName: ZD222B2QJG, fullReset: true, noReset: false, platformName: ANDROID, platformVersion: 13}}]
Capabilities {app: C:\Users\Bloxuser\AndroidSt..., appActivity: com.blox.app.rm.MainActivity, appPackage: com.blox.app.rm.uat, autoGrantPermissions: true, automationName: Flutter, deviceName: ZD222B2QJG, fullReset: true, noReset: false, platformName: ANDROID, platformVersion: 13}]]>
            </message>
            <full-stacktrace>
              <![CDATA[org.openqa.selenium.SessionNotCreatedException: Could not start a new session. Response code 500. Message: An unknown server-side error occurred while processing the command. Original error: Could not find a connected Android device in 20088ms. 
Host info: host: 'DESKTOP-0QK6R0J', ip: '192.168.87.58'
Build info: version: '4.13.0', revision: 'ba948ece5b*'
System info: os.name: 'Windows 10', os.arch: 'amd64', os.version: '10.0', java.version: '17.0.6'
Driver info: io.appium.java_client.android.AndroidDriver
Command: [null, newSession {capabilities=[{appium:app=C:\Users\Bloxuser\AndroidStudioProjects\RM_APP\build\app\outputs\flutter-apk\app-uat-debug.apk, appium:appActivity=com.blox.app.rm.MainActivity, appium:appPackage=com.blox.app.rm.uat, appium:autoGrantPermissions=true, appium:automationName=Flutter, appium:deviceName=ZD222B2QJG, appium:fullReset=true, appium:noReset=false, platformName=ANDROID, appium:platformVersion=13}], desiredCapabilities=Capabilities {app: C:\Users\Bloxuser\AndroidSt..., appActivity: com.blox.app.rm.MainActivity, appPackage: com.blox.app.rm.uat, autoGrantPermissions: true, automationName: Flutter, deviceName: ZD222B2QJG, fullReset: true, noReset: false, platformName: ANDROID, platformVersion: 13}}]
Capabilities {app: C:\Users\Bloxuser\AndroidSt..., appActivity: com.blox.app.rm.MainActivity, appPackage: com.blox.app.rm.uat, autoGrantPermissions: true, automationName: Flutter, deviceName: ZD222B2QJG, fullReset: true, noReset: false, platformName: ANDROID, platformVersion: 13}
at org.openqa.selenium.remote.ProtocolHandshake.createSession(ProtocolHandshake.java:140)
at java.base/jdk.internal.reflect.NativeMethodAccessorImpl.invoke0(Native Method)
at java.base/jdk.internal.reflect.NativeMethodAccessorImpl.invoke(NativeMethodAccessorImpl.java:77)
at java.base/jdk.internal.reflect.DelegatingMethodAccessorImpl.invoke(DelegatingMethodAccessorImpl.java:43)
at java.base/java.lang.reflect.Method.invoke(Method.java:568)
at io.appium.java_client.remote.AppiumProtocolHandshake.createSession(AppiumProtocolHandshake.java:133)
at io.appium.java_client.remote.AppiumProtocolHandshake.createSession(AppiumProtocolHandshake.java:102)
at io.appium.java_client.remote.AppiumCommandExecutor.createSession(AppiumCommandExecutor.java:182)
at io.appium.java_client.remote.AppiumCommandExecutor.execute(AppiumCommandExecutor.java:250)
at org.openqa.selenium.remote.RemoteWebDriver.execute(RemoteWebDriver.java:602)
at io.appium.java_client.AppiumDriver.startSession(AppiumDriver.java:274)
at org.openqa.selenium.remote.RemoteWebDriver.<init>(RemoteWebDriver.java:163)
at io.appium.java_client.AppiumDriver.<init>(AppiumDriver.java:89)
at io.appium.java_client.AppiumDriver.<init>(AppiumDriver.java:101)
at io.appium.java_client.android.AndroidDriver.<init>(AndroidDriver.java:113)
at Rm_module.Applaunch.setUp(Applaunch.java:37)
at java.base/jdk.internal.reflect.NativeMethodAccessorImpl.invoke0(Native Method)
at java.base/jdk.internal.reflect.NativeMethodAccessorImpl.invoke(NativeMethodAccessorImpl.java:77)
at java.base/jdk.internal.reflect.DelegatingMethodAccessorImpl.invoke(DelegatingMethodAccessorImpl.java:43)
at java.base/java.lang.reflect.Method.invoke(Method.java:568)
at org.testng.internal.MethodInvocationHelper.invokeMethod(MethodInvocationHelper.java:133)
at org.testng.internal.MethodInvocationHelper.invokeMethodConsideringTimeout(MethodInvocationHelper.java:62)
at org.testng.internal.ConfigInvoker.invokeConfigurationMethod(ConfigInvoker.java:385)
at org.testng.internal.ConfigInvoker.invokeConfigurations(ConfigInvoker.java:321)
at org.testng.internal.TestInvoker.runConfigMethods(TestInvoker.java:700)
at org.testng.internal.TestInvoker.invokeMethod(TestInvoker.java:527)
at org.testng.internal.TestInvoker.invokeTestMethod(TestInvoker.java:173)
at org.testng.internal.MethodRunner.runInSequence(MethodRunner.java:46)
at org.testng.internal.TestInvoker$MethodInvocationAgent.invoke(TestInvoker.java:824)
at org.testng.internal.TestInvoker.invokeTestMethods(TestInvoker.java:146)
at org.testng.internal.TestMethodWorker.invokeTestMethods(TestMethodWorker.java:146)
at org.testng.internal.TestMethodWorker.run(TestMethodWorker.java:128)
at java.base/java.util.ArrayList.forEach(ArrayList.java:1511)
at org.testng.TestRunner.privateRun(TestRunner.java:794)
at org.testng.TestRunner.run(TestRunner.java:596)
at org.testng.SuiteRunner.runTest(SuiteRunner.java:377)
at org.testng.SuiteRunner.runSequentially(SuiteRunner.java:371)
at org.testng.SuiteRunner.privateRun(SuiteRunner.java:332)
at org.testng.SuiteRunner.run(SuiteRunner.java:276)
at org.testng.SuiteRunnerWorker.runSuite(SuiteRunnerWorker.java:53)
at org.testng.SuiteRunnerWorker.run(SuiteRunnerWorker.java:96)
at org.testng.TestNG.runSuitesSequentially(TestNG.java:1212)
at org.testng.TestNG.runSuitesLocally(TestNG.java:1134)
at org.testng.TestNG.runSuites(TestNG.java:1063)
at org.testng.TestNG.run(TestNG.java:1031)
at org.testng.remote.AbstractRemoteTestNG.run(AbstractRemoteTestNG.java:115)
at org.testng.remote.RemoteTestNG.initAndRun(RemoteTestNG.java:251)
at org.testng.remote.RemoteTestNG.main(RemoteTestNG.java:77)
]]>
            </full-stacktrace>
          </exception> <!-- org.openqa.selenium.SessionNotCreatedException -->
          <reporter-output>
          </reporter-output>
        </test-method> <!-- testMyFollowUp -->
        <test-method is-config="true" signature="tearDown()[pri:0, instance:Rm_module.Applaunch@75cd8043]" started-at="2024-03-19T14:50:58 IST" name="tearDown" finished-at="1970-01-01T05:30:00 IST" duration-ms="-1710840058190" status="SKIP">
          <reporter-output>
          </reporter-output>
        </test-method> <!-- tearDown -->
        <test-method is-config="true" signature="setUp()[pri:0, instance:Rm_module.Applaunch@75cd8043]" started-at="2024-03-19T14:50:58 IST" name="setUp" finished-at="1970-01-01T05:30:00 IST" duration-ms="-1710840058194" status="SKIP">
          <reporter-output>
          </reporter-output>
        </test-method> <!-- setUp -->
        <test-method signature="testMyMeetings()[pri:0, instance:Rm_module.Applaunch@75cd8043]" started-at="2024-03-19T14:50:58 IST" name="testMyMeetings" finished-at="2024-03-19T14:50:58 IST" duration-ms="0" status="SKIP">
          <exception class="org.openqa.selenium.SessionNotCreatedException">
            <message>
              <![CDATA[Could not start a new session. Response code 500. Message: An unknown server-side error occurred while processing the command. Original error: Could not find a connected Android device in 20088ms. 
Host info: host: 'DESKTOP-0QK6R0J', ip: '192.168.87.58'
Build info: version: '4.13.0', revision: 'ba948ece5b*'
System info: os.name: 'Windows 10', os.arch: 'amd64', os.version: '10.0', java.version: '17.0.6'
Driver info: io.appium.java_client.android.AndroidDriver
Command: [null, newSession {capabilities=[{appium:app=C:\Users\Bloxuser\AndroidStudioProjects\RM_APP\build\app\outputs\flutter-apk\app-uat-debug.apk, appium:appActivity=com.blox.app.rm.MainActivity, appium:appPackage=com.blox.app.rm.uat, appium:autoGrantPermissions=true, appium:automationName=Flutter, appium:deviceName=ZD222B2QJG, appium:fullReset=true, appium:noReset=false, platformName=ANDROID, appium:platformVersion=13}], desiredCapabilities=Capabilities {app: C:\Users\Bloxuser\AndroidSt..., appActivity: com.blox.app.rm.MainActivity, appPackage: com.blox.app.rm.uat, autoGrantPermissions: true, automationName: Flutter, deviceName: ZD222B2QJG, fullReset: true, noReset: false, platformName: ANDROID, platformVersion: 13}}]
Capabilities {app: C:\Users\Bloxuser\AndroidSt..., appActivity: com.blox.app.rm.MainActivity, appPackage: com.blox.app.rm.uat, autoGrantPermissions: true, automationName: Flutter, deviceName: ZD222B2QJG, fullReset: true, noReset: false, platformName: ANDROID, platformVersion: 13}]]>
            </message>
            <full-stacktrace>
              <![CDATA[org.openqa.selenium.SessionNotCreatedException: Could not start a new session. Response code 500. Message: An unknown server-side error occurred while processing the command. Original error: Could not find a connected Android device in 20088ms. 
Host info: host: 'DESKTOP-0QK6R0J', ip: '192.168.87.58'
Build info: version: '4.13.0', revision: 'ba948ece5b*'
System info: os.name: 'Windows 10', os.arch: 'amd64', os.version: '10.0', java.version: '17.0.6'
Driver info: io.appium.java_client.android.AndroidDriver
Command: [null, newSession {capabilities=[{appium:app=C:\Users\Bloxuser\AndroidStudioProjects\RM_APP\build\app\outputs\flutter-apk\app-uat-debug.apk, appium:appActivity=com.blox.app.rm.MainActivity, appium:appPackage=com.blox.app.rm.uat, appium:autoGrantPermissions=true, appium:automationName=Flutter, appium:deviceName=ZD222B2QJG, appium:fullReset=true, appium:noReset=false, platformName=ANDROID, appium:platformVersion=13}], desiredCapabilities=Capabilities {app: C:\Users\Bloxuser\AndroidSt..., appActivity: com.blox.app.rm.MainActivity, appPackage: com.blox.app.rm.uat, autoGrantPermissions: true, automationName: Flutter, deviceName: ZD222B2QJG, fullReset: true, noReset: false, platformName: ANDROID, platformVersion: 13}}]
Capabilities {app: C:\Users\Bloxuser\AndroidSt..., appActivity: com.blox.app.rm.MainActivity, appPackage: com.blox.app.rm.uat, autoGrantPermissions: true, automationName: Flutter, deviceName: ZD222B2QJG, fullReset: true, noReset: false, platformName: ANDROID, platformVersion: 13}
at org.openqa.selenium.remote.ProtocolHandshake.createSession(ProtocolHandshake.java:140)
at java.base/jdk.internal.reflect.NativeMethodAccessorImpl.invoke0(Native Method)
at java.base/jdk.internal.reflect.NativeMethodAccessorImpl.invoke(NativeMethodAccessorImpl.java:77)
at java.base/jdk.internal.reflect.DelegatingMethodAccessorImpl.invoke(DelegatingMethodAccessorImpl.java:43)
at java.base/java.lang.reflect.Method.invoke(Method.java:568)
at io.appium.java_client.remote.AppiumProtocolHandshake.createSession(AppiumProtocolHandshake.java:133)
at io.appium.java_client.remote.AppiumProtocolHandshake.createSession(AppiumProtocolHandshake.java:102)
at io.appium.java_client.remote.AppiumCommandExecutor.createSession(AppiumCommandExecutor.java:182)
at io.appium.java_client.remote.AppiumCommandExecutor.execute(AppiumCommandExecutor.java:250)
at org.openqa.selenium.remote.RemoteWebDriver.execute(RemoteWebDriver.java:602)
at io.appium.java_client.AppiumDriver.startSession(AppiumDriver.java:274)
at org.openqa.selenium.remote.RemoteWebDriver.<init>(RemoteWebDriver.java:163)
at io.appium.java_client.AppiumDriver.<init>(AppiumDriver.java:89)
at io.appium.java_client.AppiumDriver.<init>(AppiumDriver.java:101)
at io.appium.java_client.android.AndroidDriver.<init>(AndroidDriver.java:113)
at Rm_module.Applaunch.setUp(Applaunch.java:37)
at java.base/jdk.internal.reflect.NativeMethodAccessorImpl.invoke0(Native Method)
at java.base/jdk.internal.reflect.NativeMethodAccessorImpl.invoke(NativeMethodAccessorImpl.java:77)
at java.base/jdk.internal.reflect.DelegatingMethodAccessorImpl.invoke(DelegatingMethodAccessorImpl.java:43)
at java.base/java.lang.reflect.Method.invoke(Method.java:568)
at org.testng.internal.MethodInvocationHelper.invokeMethod(MethodInvocationHelper.java:133)
at org.testng.internal.MethodInvocationHelper.invokeMethodConsideringTimeout(MethodInvocationHelper.java:62)
at org.testng.internal.ConfigInvoker.invokeConfigurationMethod(ConfigInvoker.java:385)
at org.testng.internal.ConfigInvoker.invokeConfigurations(ConfigInvoker.java:321)
at org.testng.internal.TestInvoker.runConfigMethods(TestInvoker.java:700)
at org.testng.internal.TestInvoker.invokeMethod(TestInvoker.java:527)
at org.testng.internal.TestInvoker.invokeTestMethod(TestInvoker.java:173)
at org.testng.internal.MethodRunner.runInSequence(MethodRunner.java:46)
at org.testng.internal.TestInvoker$MethodInvocationAgent.invoke(TestInvoker.java:824)
at org.testng.internal.TestInvoker.invokeTestMethods(TestInvoker.java:146)
at org.testng.internal.TestMethodWorker.invokeTestMethods(TestMethodWorker.java:146)
at org.testng.internal.TestMethodWorker.run(TestMethodWorker.java:128)
at java.base/java.util.ArrayList.forEach(ArrayList.java:1511)
at org.testng.TestRunner.privateRun(TestRunner.java:794)
at org.testng.TestRunner.run(TestRunner.java:596)
at org.testng.SuiteRunner.runTest(SuiteRunner.java:377)
at org.testng.SuiteRunner.runSequentially(SuiteRunner.java:371)
at org.testng.SuiteRunner.privateRun(SuiteRunner.java:332)
at org.testng.SuiteRunner.run(SuiteRunner.java:276)
at org.testng.SuiteRunnerWorker.runSuite(SuiteRunnerWorker.java:53)
at org.testng.SuiteRunnerWorker.run(SuiteRunnerWorker.java:96)
at org.testng.TestNG.runSuitesSequentially(TestNG.java:1212)
at org.testng.TestNG.runSuitesLocally(TestNG.java:1134)
at org.testng.TestNG.runSuites(TestNG.java:1063)
at org.testng.TestNG.run(TestNG.java:1031)
at org.testng.remote.AbstractRemoteTestNG.run(AbstractRemoteTestNG.java:115)
at org.testng.remote.RemoteTestNG.initAndRun(RemoteTestNG.java:251)
at org.testng.remote.RemoteTestNG.main(RemoteTestNG.java:77)
]]>
            </full-stacktrace>
          </exception> <!-- org.openqa.selenium.SessionNotCreatedException -->
          <reporter-output>
          </reporter-output>
        </test-method> <!-- testMyMeetings -->
        <test-method is-config="true" signature="tearDown()[pri:0, instance:Rm_module.Applaunch@75cd8043]" started-at="2024-03-19T14:50:58 IST" name="tearDown" finished-at="1970-01-01T05:30:00 IST" duration-ms="-1710840058199" status="SKIP">
          <reporter-output>
          </reporter-output>
        </test-method> <!-- tearDown -->
        <test-method is-config="true" signature="setUp()[pri:0, instance:Rm_module.Applaunch@75cd8043]" started-at="2024-03-19T14:50:58 IST" name="setUp" finished-at="1970-01-01T05:30:00 IST" duration-ms="-1710840058200" status="SKIP">
          <reporter-output>
          </reporter-output>
        </test-method> <!-- setUp -->
        <test-method signature="testMyPortfolio()[pri:0, instance:Rm_module.Applaunch@75cd8043]" started-at="2024-03-19T14:50:58 IST" name="testMyPortfolio" finished-at="2024-03-19T14:50:58 IST" duration-ms="0" status="SKIP">
          <exception class="org.openqa.selenium.SessionNotCreatedException">
            <message>
              <![CDATA[Could not start a new session. Response code 500. Message: An unknown server-side error occurred while processing the command. Original error: Could not find a connected Android device in 20088ms. 
Host info: host: 'DESKTOP-0QK6R0J', ip: '192.168.87.58'
Build info: version: '4.13.0', revision: 'ba948ece5b*'
System info: os.name: 'Windows 10', os.arch: 'amd64', os.version: '10.0', java.version: '17.0.6'
Driver info: io.appium.java_client.android.AndroidDriver
Command: [null, newSession {capabilities=[{appium:app=C:\Users\Bloxuser\AndroidStudioProjects\RM_APP\build\app\outputs\flutter-apk\app-uat-debug.apk, appium:appActivity=com.blox.app.rm.MainActivity, appium:appPackage=com.blox.app.rm.uat, appium:autoGrantPermissions=true, appium:automationName=Flutter, appium:deviceName=ZD222B2QJG, appium:fullReset=true, appium:noReset=false, platformName=ANDROID, appium:platformVersion=13}], desiredCapabilities=Capabilities {app: C:\Users\Bloxuser\AndroidSt..., appActivity: com.blox.app.rm.MainActivity, appPackage: com.blox.app.rm.uat, autoGrantPermissions: true, automationName: Flutter, deviceName: ZD222B2QJG, fullReset: true, noReset: false, platformName: ANDROID, platformVersion: 13}}]
Capabilities {app: C:\Users\Bloxuser\AndroidSt..., appActivity: com.blox.app.rm.MainActivity, appPackage: com.blox.app.rm.uat, autoGrantPermissions: true, automationName: Flutter, deviceName: ZD222B2QJG, fullReset: true, noReset: false, platformName: ANDROID, platformVersion: 13}]]>
            </message>
            <full-stacktrace>
              <![CDATA[org.openqa.selenium.SessionNotCreatedException: Could not start a new session. Response code 500. Message: An unknown server-side error occurred while processing the command. Original error: Could not find a connected Android device in 20088ms. 
Host info: host: 'DESKTOP-0QK6R0J', ip: '192.168.87.58'
Build info: version: '4.13.0', revision: 'ba948ece5b*'
System info: os.name: 'Windows 10', os.arch: 'amd64', os.version: '10.0', java.version: '17.0.6'
Driver info: io.appium.java_client.android.AndroidDriver
Command: [null, newSession {capabilities=[{appium:app=C:\Users\Bloxuser\AndroidStudioProjects\RM_APP\build\app\outputs\flutter-apk\app-uat-debug.apk, appium:appActivity=com.blox.app.rm.MainActivity, appium:appPackage=com.blox.app.rm.uat, appium:autoGrantPermissions=true, appium:automationName=Flutter, appium:deviceName=ZD222B2QJG, appium:fullReset=true, appium:noReset=false, platformName=ANDROID, appium:platformVersion=13}], desiredCapabilities=Capabilities {app: C:\Users\Bloxuser\AndroidSt..., appActivity: com.blox.app.rm.MainActivity, appPackage: com.blox.app.rm.uat, autoGrantPermissions: true, automationName: Flutter, deviceName: ZD222B2QJG, fullReset: true, noReset: false, platformName: ANDROID, platformVersion: 13}}]
Capabilities {app: C:\Users\Bloxuser\AndroidSt..., appActivity: com.blox.app.rm.MainActivity, appPackage: com.blox.app.rm.uat, autoGrantPermissions: true, automationName: Flutter, deviceName: ZD222B2QJG, fullReset: true, noReset: false, platformName: ANDROID, platformVersion: 13}
at org.openqa.selenium.remote.ProtocolHandshake.createSession(ProtocolHandshake.java:140)
at java.base/jdk.internal.reflect.NativeMethodAccessorImpl.invoke0(Native Method)
at java.base/jdk.internal.reflect.NativeMethodAccessorImpl.invoke(NativeMethodAccessorImpl.java:77)
at java.base/jdk.internal.reflect.DelegatingMethodAccessorImpl.invoke(DelegatingMethodAccessorImpl.java:43)
at java.base/java.lang.reflect.Method.invoke(Method.java:568)
at io.appium.java_client.remote.AppiumProtocolHandshake.createSession(AppiumProtocolHandshake.java:133)
at io.appium.java_client.remote.AppiumProtocolHandshake.createSession(AppiumProtocolHandshake.java:102)
at io.appium.java_client.remote.AppiumCommandExecutor.createSession(AppiumCommandExecutor.java:182)
at io.appium.java_client.remote.AppiumCommandExecutor.execute(AppiumCommandExecutor.java:250)
at org.openqa.selenium.remote.RemoteWebDriver.execute(RemoteWebDriver.java:602)
at io.appium.java_client.AppiumDriver.startSession(AppiumDriver.java:274)
at org.openqa.selenium.remote.RemoteWebDriver.<init>(RemoteWebDriver.java:163)
at io.appium.java_client.AppiumDriver.<init>(AppiumDriver.java:89)
at io.appium.java_client.AppiumDriver.<init>(AppiumDriver.java:101)
at io.appium.java_client.android.AndroidDriver.<init>(AndroidDriver.java:113)
at Rm_module.Applaunch.setUp(Applaunch.java:37)
at java.base/jdk.internal.reflect.NativeMethodAccessorImpl.invoke0(Native Method)
at java.base/jdk.internal.reflect.NativeMethodAccessorImpl.invoke(NativeMethodAccessorImpl.java:77)
at java.base/jdk.internal.reflect.DelegatingMethodAccessorImpl.invoke(DelegatingMethodAccessorImpl.java:43)
at java.base/java.lang.reflect.Method.invoke(Method.java:568)
at org.testng.internal.MethodInvocationHelper.invokeMethod(MethodInvocationHelper.java:133)
at org.testng.internal.MethodInvocationHelper.invokeMethodConsideringTimeout(MethodInvocationHelper.java:62)
at org.testng.internal.ConfigInvoker.invokeConfigurationMethod(ConfigInvoker.java:385)
at org.testng.internal.ConfigInvoker.invokeConfigurations(ConfigInvoker.java:321)
at org.testng.internal.TestInvoker.runConfigMethods(TestInvoker.java:700)
at org.testng.internal.TestInvoker.invokeMethod(TestInvoker.java:527)
at org.testng.internal.TestInvoker.invokeTestMethod(TestInvoker.java:173)
at org.testng.internal.MethodRunner.runInSequence(MethodRunner.java:46)
at org.testng.internal.TestInvoker$MethodInvocationAgent.invoke(TestInvoker.java:824)
at org.testng.internal.TestInvoker.invokeTestMethods(TestInvoker.java:146)
at org.testng.internal.TestMethodWorker.invokeTestMethods(TestMethodWorker.java:146)
at org.testng.internal.TestMethodWorker.run(TestMethodWorker.java:128)
at java.base/java.util.ArrayList.forEach(ArrayList.java:1511)
at org.testng.TestRunner.privateRun(TestRunner.java:794)
at org.testng.TestRunner.run(TestRunner.java:596)
at org.testng.SuiteRunner.runTest(SuiteRunner.java:377)
at org.testng.SuiteRunner.runSequentially(SuiteRunner.java:371)
at org.testng.SuiteRunner.privateRun(SuiteRunner.java:332)
at org.testng.SuiteRunner.run(SuiteRunner.java:276)
at org.testng.SuiteRunnerWorker.runSuite(SuiteRunnerWorker.java:53)
at org.testng.SuiteRunnerWorker.run(SuiteRunnerWorker.java:96)
at org.testng.TestNG.runSuitesSequentially(TestNG.java:1212)
at org.testng.TestNG.runSuitesLocally(TestNG.java:1134)
at org.testng.TestNG.runSuites(TestNG.java:1063)
at org.testng.TestNG.run(TestNG.java:1031)
at org.testng.remote.AbstractRemoteTestNG.run(AbstractRemoteTestNG.java:115)
at org.testng.remote.RemoteTestNG.initAndRun(RemoteTestNG.java:251)
at org.testng.remote.RemoteTestNG.main(RemoteTestNG.java:77)
]]>
            </full-stacktrace>
          </exception> <!-- org.openqa.selenium.SessionNotCreatedException -->
          <reporter-output>
          </reporter-output>
        </test-method> <!-- testMyPortfolio -->
        <test-method is-config="true" signature="tearDown()[pri:0, instance:Rm_module.Applaunch@75cd8043]" started-at="2024-03-19T14:50:58 IST" name="tearDown" finished-at="1970-01-01T05:30:00 IST" duration-ms="-1710840058212" status="SKIP">
          <reporter-output>
          </reporter-output>
        </test-method> <!-- tearDown -->
        <test-method is-config="true" signature="setUp()[pri:0, instance:Rm_module.Applaunch@75cd8043]" started-at="2024-03-19T14:50:58 IST" name="setUp" finished-at="1970-01-01T05:30:00 IST" duration-ms="-1710840058215" status="SKIP">
          <reporter-output>
          </reporter-output>
        </test-method> <!-- setUp -->
        <test-method signature="testaddinteraction()[pri:0, instance:Rm_module.Applaunch@75cd8043]" started-at="2024-03-19T14:50:58 IST" name="testaddinteraction" finished-at="2024-03-19T14:50:58 IST" duration-ms="0" status="SKIP">
          <exception class="org.openqa.selenium.SessionNotCreatedException">
            <message>
              <![CDATA[Could not start a new session. Response code 500. Message: An unknown server-side error occurred while processing the command. Original error: Could not find a connected Android device in 20088ms. 
Host info: host: 'DESKTOP-0QK6R0J', ip: '192.168.87.58'
Build info: version: '4.13.0', revision: 'ba948ece5b*'
System info: os.name: 'Windows 10', os.arch: 'amd64', os.version: '10.0', java.version: '17.0.6'
Driver info: io.appium.java_client.android.AndroidDriver
Command: [null, newSession {capabilities=[{appium:app=C:\Users\Bloxuser\AndroidStudioProjects\RM_APP\build\app\outputs\flutter-apk\app-uat-debug.apk, appium:appActivity=com.blox.app.rm.MainActivity, appium:appPackage=com.blox.app.rm.uat, appium:autoGrantPermissions=true, appium:automationName=Flutter, appium:deviceName=ZD222B2QJG, appium:fullReset=true, appium:noReset=false, platformName=ANDROID, appium:platformVersion=13}], desiredCapabilities=Capabilities {app: C:\Users\Bloxuser\AndroidSt..., appActivity: com.blox.app.rm.MainActivity, appPackage: com.blox.app.rm.uat, autoGrantPermissions: true, automationName: Flutter, deviceName: ZD222B2QJG, fullReset: true, noReset: false, platformName: ANDROID, platformVersion: 13}}]
Capabilities {app: C:\Users\Bloxuser\AndroidSt..., appActivity: com.blox.app.rm.MainActivity, appPackage: com.blox.app.rm.uat, autoGrantPermissions: true, automationName: Flutter, deviceName: ZD222B2QJG, fullReset: true, noReset: false, platformName: ANDROID, platformVersion: 13}]]>
            </message>
            <full-stacktrace>
              <![CDATA[org.openqa.selenium.SessionNotCreatedException: Could not start a new session. Response code 500. Message: An unknown server-side error occurred while processing the command. Original error: Could not find a connected Android device in 20088ms. 
Host info: host: 'DESKTOP-0QK6R0J', ip: '192.168.87.58'
Build info: version: '4.13.0', revision: 'ba948ece5b*'
System info: os.name: 'Windows 10', os.arch: 'amd64', os.version: '10.0', java.version: '17.0.6'
Driver info: io.appium.java_client.android.AndroidDriver
Command: [null, newSession {capabilities=[{appium:app=C:\Users\Bloxuser\AndroidStudioProjects\RM_APP\build\app\outputs\flutter-apk\app-uat-debug.apk, appium:appActivity=com.blox.app.rm.MainActivity, appium:appPackage=com.blox.app.rm.uat, appium:autoGrantPermissions=true, appium:automationName=Flutter, appium:deviceName=ZD222B2QJG, appium:fullReset=true, appium:noReset=false, platformName=ANDROID, appium:platformVersion=13}], desiredCapabilities=Capabilities {app: C:\Users\Bloxuser\AndroidSt..., appActivity: com.blox.app.rm.MainActivity, appPackage: com.blox.app.rm.uat, autoGrantPermissions: true, automationName: Flutter, deviceName: ZD222B2QJG, fullReset: true, noReset: false, platformName: ANDROID, platformVersion: 13}}]
Capabilities {app: C:\Users\Bloxuser\AndroidSt..., appActivity: com.blox.app.rm.MainActivity, appPackage: com.blox.app.rm.uat, autoGrantPermissions: true, automationName: Flutter, deviceName: ZD222B2QJG, fullReset: true, noReset: false, platformName: ANDROID, platformVersion: 13}
at org.openqa.selenium.remote.ProtocolHandshake.createSession(ProtocolHandshake.java:140)
at java.base/jdk.internal.reflect.NativeMethodAccessorImpl.invoke0(Native Method)
at java.base/jdk.internal.reflect.NativeMethodAccessorImpl.invoke(NativeMethodAccessorImpl.java:77)
at java.base/jdk.internal.reflect.DelegatingMethodAccessorImpl.invoke(DelegatingMethodAccessorImpl.java:43)
at java.base/java.lang.reflect.Method.invoke(Method.java:568)
at io.appium.java_client.remote.AppiumProtocolHandshake.createSession(AppiumProtocolHandshake.java:133)
at io.appium.java_client.remote.AppiumProtocolHandshake.createSession(AppiumProtocolHandshake.java:102)
at io.appium.java_client.remote.AppiumCommandExecutor.createSession(AppiumCommandExecutor.java:182)
at io.appium.java_client.remote.AppiumCommandExecutor.execute(AppiumCommandExecutor.java:250)
at org.openqa.selenium.remote.RemoteWebDriver.execute(RemoteWebDriver.java:602)
at io.appium.java_client.AppiumDriver.startSession(AppiumDriver.java:274)
at org.openqa.selenium.remote.RemoteWebDriver.<init>(RemoteWebDriver.java:163)
at io.appium.java_client.AppiumDriver.<init>(AppiumDriver.java:89)
at io.appium.java_client.AppiumDriver.<init>(AppiumDriver.java:101)
at io.appium.java_client.android.AndroidDriver.<init>(AndroidDriver.java:113)
at Rm_module.Applaunch.setUp(Applaunch.java:37)
at java.base/jdk.internal.reflect.NativeMethodAccessorImpl.invoke0(Native Method)
at java.base/jdk.internal.reflect.NativeMethodAccessorImpl.invoke(NativeMethodAccessorImpl.java:77)
at java.base/jdk.internal.reflect.DelegatingMethodAccessorImpl.invoke(DelegatingMethodAccessorImpl.java:43)
at java.base/java.lang.reflect.Method.invoke(Method.java:568)
at org.testng.internal.MethodInvocationHelper.invokeMethod(MethodInvocationHelper.java:133)
at org.testng.internal.MethodInvocationHelper.invokeMethodConsideringTimeout(MethodInvocationHelper.java:62)
at org.testng.internal.ConfigInvoker.invokeConfigurationMethod(ConfigInvoker.java:385)
at org.testng.internal.ConfigInvoker.invokeConfigurations(ConfigInvoker.java:321)
at org.testng.internal.TestInvoker.runConfigMethods(TestInvoker.java:700)
at org.testng.internal.TestInvoker.invokeMethod(TestInvoker.java:527)
at org.testng.internal.TestInvoker.invokeTestMethod(TestInvoker.java:173)
at org.testng.internal.MethodRunner.runInSequence(MethodRunner.java:46)
at org.testng.internal.TestInvoker$MethodInvocationAgent.invoke(TestInvoker.java:824)
at org.testng.internal.TestInvoker.invokeTestMethods(TestInvoker.java:146)
at org.testng.internal.TestMethodWorker.invokeTestMethods(TestMethodWorker.java:146)
at org.testng.internal.TestMethodWorker.run(TestMethodWorker.java:128)
at java.base/java.util.ArrayList.forEach(ArrayList.java:1511)
at org.testng.TestRunner.privateRun(TestRunner.java:794)
at org.testng.TestRunner.run(TestRunner.java:596)
at org.testng.SuiteRunner.runTest(SuiteRunner.java:377)
at org.testng.SuiteRunner.runSequentially(SuiteRunner.java:371)
at org.testng.SuiteRunner.privateRun(SuiteRunner.java:332)
at org.testng.SuiteRunner.run(SuiteRunner.java:276)
at org.testng.SuiteRunnerWorker.runSuite(SuiteRunnerWorker.java:53)
at org.testng.SuiteRunnerWorker.run(SuiteRunnerWorker.java:96)
at org.testng.TestNG.runSuitesSequentially(TestNG.java:1212)
at org.testng.TestNG.runSuitesLocally(TestNG.java:1134)
at org.testng.TestNG.runSuites(TestNG.java:1063)
at org.testng.TestNG.run(TestNG.java:1031)
at org.testng.remote.AbstractRemoteTestNG.run(AbstractRemoteTestNG.java:115)
at org.testng.remote.RemoteTestNG.initAndRun(RemoteTestNG.java:251)
at org.testng.remote.RemoteTestNG.main(RemoteTestNG.java:77)
]]>
            </full-stacktrace>
          </exception> <!-- org.openqa.selenium.SessionNotCreatedException -->
          <reporter-output>
          </reporter-output>
        </test-method> <!-- testaddinteraction -->
        <test-method is-config="true" signature="tearDown()[pri:0, instance:Rm_module.Applaunch@75cd8043]" started-at="2024-03-19T14:50:58 IST" name="tearDown" finished-at="1970-01-01T05:30:00 IST" duration-ms="-1710840058226" status="SKIP">
          <reporter-output>
          </reporter-output>
        </test-method> <!-- tearDown -->
        <test-method is-config="true" signature="setUp()[pri:0, instance:Rm_module.Applaunch@75cd8043]" started-at="2024-03-19T14:50:58 IST" name="setUp" finished-at="1970-01-01T05:30:00 IST" duration-ms="-1710840058228" status="SKIP">
          <reporter-output>
          </reporter-output>
        </test-method> <!-- setUp -->
        <test-method signature="testaddnewlead()[pri:0, instance:Rm_module.Applaunch@75cd8043]" started-at="2024-03-19T14:50:58 IST" name="testaddnewlead" finished-at="2024-03-19T14:50:58 IST" duration-ms="0" status="SKIP">
          <exception class="org.openqa.selenium.SessionNotCreatedException">
            <message>
              <![CDATA[Could not start a new session. Response code 500. Message: An unknown server-side error occurred while processing the command. Original error: Could not find a connected Android device in 20088ms. 
Host info: host: 'DESKTOP-0QK6R0J', ip: '192.168.87.58'
Build info: version: '4.13.0', revision: 'ba948ece5b*'
System info: os.name: 'Windows 10', os.arch: 'amd64', os.version: '10.0', java.version: '17.0.6'
Driver info: io.appium.java_client.android.AndroidDriver
Command: [null, newSession {capabilities=[{appium:app=C:\Users\Bloxuser\AndroidStudioProjects\RM_APP\build\app\outputs\flutter-apk\app-uat-debug.apk, appium:appActivity=com.blox.app.rm.MainActivity, appium:appPackage=com.blox.app.rm.uat, appium:autoGrantPermissions=true, appium:automationName=Flutter, appium:deviceName=ZD222B2QJG, appium:fullReset=true, appium:noReset=false, platformName=ANDROID, appium:platformVersion=13}], desiredCapabilities=Capabilities {app: C:\Users\Bloxuser\AndroidSt..., appActivity: com.blox.app.rm.MainActivity, appPackage: com.blox.app.rm.uat, autoGrantPermissions: true, automationName: Flutter, deviceName: ZD222B2QJG, fullReset: true, noReset: false, platformName: ANDROID, platformVersion: 13}}]
Capabilities {app: C:\Users\Bloxuser\AndroidSt..., appActivity: com.blox.app.rm.MainActivity, appPackage: com.blox.app.rm.uat, autoGrantPermissions: true, automationName: Flutter, deviceName: ZD222B2QJG, fullReset: true, noReset: false, platformName: ANDROID, platformVersion: 13}]]>
            </message>
            <full-stacktrace>
              <![CDATA[org.openqa.selenium.SessionNotCreatedException: Could not start a new session. Response code 500. Message: An unknown server-side error occurred while processing the command. Original error: Could not find a connected Android device in 20088ms. 
Host info: host: 'DESKTOP-0QK6R0J', ip: '192.168.87.58'
Build info: version: '4.13.0', revision: 'ba948ece5b*'
System info: os.name: 'Windows 10', os.arch: 'amd64', os.version: '10.0', java.version: '17.0.6'
Driver info: io.appium.java_client.android.AndroidDriver
Command: [null, newSession {capabilities=[{appium:app=C:\Users\Bloxuser\AndroidStudioProjects\RM_APP\build\app\outputs\flutter-apk\app-uat-debug.apk, appium:appActivity=com.blox.app.rm.MainActivity, appium:appPackage=com.blox.app.rm.uat, appium:autoGrantPermissions=true, appium:automationName=Flutter, appium:deviceName=ZD222B2QJG, appium:fullReset=true, appium:noReset=false, platformName=ANDROID, appium:platformVersion=13}], desiredCapabilities=Capabilities {app: C:\Users\Bloxuser\AndroidSt..., appActivity: com.blox.app.rm.MainActivity, appPackage: com.blox.app.rm.uat, autoGrantPermissions: true, automationName: Flutter, deviceName: ZD222B2QJG, fullReset: true, noReset: false, platformName: ANDROID, platformVersion: 13}}]
Capabilities {app: C:\Users\Bloxuser\AndroidSt..., appActivity: com.blox.app.rm.MainActivity, appPackage: com.blox.app.rm.uat, autoGrantPermissions: true, automationName: Flutter, deviceName: ZD222B2QJG, fullReset: true, noReset: false, platformName: ANDROID, platformVersion: 13}
at org.openqa.selenium.remote.ProtocolHandshake.createSession(ProtocolHandshake.java:140)
at java.base/jdk.internal.reflect.NativeMethodAccessorImpl.invoke0(Native Method)
at java.base/jdk.internal.reflect.NativeMethodAccessorImpl.invoke(NativeMethodAccessorImpl.java:77)
at java.base/jdk.internal.reflect.DelegatingMethodAccessorImpl.invoke(DelegatingMethodAccessorImpl.java:43)
at java.base/java.lang.reflect.Method.invoke(Method.java:568)
at io.appium.java_client.remote.AppiumProtocolHandshake.createSession(AppiumProtocolHandshake.java:133)
at io.appium.java_client.remote.AppiumProtocolHandshake.createSession(AppiumProtocolHandshake.java:102)
at io.appium.java_client.remote.AppiumCommandExecutor.createSession(AppiumCommandExecutor.java:182)
at io.appium.java_client.remote.AppiumCommandExecutor.execute(AppiumCommandExecutor.java:250)
at org.openqa.selenium.remote.RemoteWebDriver.execute(RemoteWebDriver.java:602)
at io.appium.java_client.AppiumDriver.startSession(AppiumDriver.java:274)
at org.openqa.selenium.remote.RemoteWebDriver.<init>(RemoteWebDriver.java:163)
at io.appium.java_client.AppiumDriver.<init>(AppiumDriver.java:89)
at io.appium.java_client.AppiumDriver.<init>(AppiumDriver.java:101)
at io.appium.java_client.android.AndroidDriver.<init>(AndroidDriver.java:113)
at Rm_module.Applaunch.setUp(Applaunch.java:37)
at java.base/jdk.internal.reflect.NativeMethodAccessorImpl.invoke0(Native Method)
at java.base/jdk.internal.reflect.NativeMethodAccessorImpl.invoke(NativeMethodAccessorImpl.java:77)
at java.base/jdk.internal.reflect.DelegatingMethodAccessorImpl.invoke(DelegatingMethodAccessorImpl.java:43)
at java.base/java.lang.reflect.Method.invoke(Method.java:568)
at org.testng.internal.MethodInvocationHelper.invokeMethod(MethodInvocationHelper.java:133)
at org.testng.internal.MethodInvocationHelper.invokeMethodConsideringTimeout(MethodInvocationHelper.java:62)
at org.testng.internal.ConfigInvoker.invokeConfigurationMethod(ConfigInvoker.java:385)
at org.testng.internal.ConfigInvoker.invokeConfigurations(ConfigInvoker.java:321)
at org.testng.internal.TestInvoker.runConfigMethods(TestInvoker.java:700)
at org.testng.internal.TestInvoker.invokeMethod(TestInvoker.java:527)
at org.testng.internal.TestInvoker.invokeTestMethod(TestInvoker.java:173)
at org.testng.internal.MethodRunner.runInSequence(MethodRunner.java:46)
at org.testng.internal.TestInvoker$MethodInvocationAgent.invoke(TestInvoker.java:824)
at org.testng.internal.TestInvoker.invokeTestMethods(TestInvoker.java:146)
at org.testng.internal.TestMethodWorker.invokeTestMethods(TestMethodWorker.java:146)
at org.testng.internal.TestMethodWorker.run(TestMethodWorker.java:128)
at java.base/java.util.ArrayList.forEach(ArrayList.java:1511)
at org.testng.TestRunner.privateRun(TestRunner.java:794)
at org.testng.TestRunner.run(TestRunner.java:596)
at org.testng.SuiteRunner.runTest(SuiteRunner.java:377)
at org.testng.SuiteRunner.runSequentially(SuiteRunner.java:371)
at org.testng.SuiteRunner.privateRun(SuiteRunner.java:332)
at org.testng.SuiteRunner.run(SuiteRunner.java:276)
at org.testng.SuiteRunnerWorker.runSuite(SuiteRunnerWorker.java:53)
at org.testng.SuiteRunnerWorker.run(SuiteRunnerWorker.java:96)
at org.testng.TestNG.runSuitesSequentially(TestNG.java:1212)
at org.testng.TestNG.runSuitesLocally(TestNG.java:1134)
at org.testng.TestNG.runSuites(TestNG.java:1063)
at org.testng.TestNG.run(TestNG.java:1031)
at org.testng.remote.AbstractRemoteTestNG.run(AbstractRemoteTestNG.java:115)
at org.testng.remote.RemoteTestNG.initAndRun(RemoteTestNG.java:251)
at org.testng.remote.RemoteTestNG.main(RemoteTestNG.java:77)
]]>
            </full-stacktrace>
          </exception> <!-- org.openqa.selenium.SessionNotCreatedException -->
          <reporter-output>
          </reporter-output>
        </test-method> <!-- testaddnewlead -->
        <test-method is-config="true" signature="tearDown()[pri:0, instance:Rm_module.Applaunch@75cd8043]" started-at="2024-03-19T14:50:58 IST" name="tearDown" finished-at="1970-01-01T05:30:00 IST" duration-ms="-1710840058235" status="SKIP">
          <reporter-output>
          </reporter-output>
        </test-method> <!-- tearDown -->
        <test-method is-config="true" signature="setUp()[pri:0, instance:Rm_module.Applaunch@75cd8043]" started-at="2024-03-19T14:50:58 IST" name="setUp" finished-at="1970-01-01T05:30:00 IST" duration-ms="-1710840058237" status="SKIP">
          <reporter-output>
          </reporter-output>
        </test-method> <!-- setUp -->
        <test-method signature="testcalendar()[pri:0, instance:Rm_module.Applaunch@75cd8043]" started-at="2024-03-19T14:50:58 IST" name="testcalendar" finished-at="2024-03-19T14:50:58 IST" duration-ms="0" status="SKIP">
          <exception class="org.openqa.selenium.SessionNotCreatedException">
            <message>
              <![CDATA[Could not start a new session. Response code 500. Message: An unknown server-side error occurred while processing the command. Original error: Could not find a connected Android device in 20088ms. 
Host info: host: 'DESKTOP-0QK6R0J', ip: '192.168.87.58'
Build info: version: '4.13.0', revision: 'ba948ece5b*'
System info: os.name: 'Windows 10', os.arch: 'amd64', os.version: '10.0', java.version: '17.0.6'
Driver info: io.appium.java_client.android.AndroidDriver
Command: [null, newSession {capabilities=[{appium:app=C:\Users\Bloxuser\AndroidStudioProjects\RM_APP\build\app\outputs\flutter-apk\app-uat-debug.apk, appium:appActivity=com.blox.app.rm.MainActivity, appium:appPackage=com.blox.app.rm.uat, appium:autoGrantPermissions=true, appium:automationName=Flutter, appium:deviceName=ZD222B2QJG, appium:fullReset=true, appium:noReset=false, platformName=ANDROID, appium:platformVersion=13}], desiredCapabilities=Capabilities {app: C:\Users\Bloxuser\AndroidSt..., appActivity: com.blox.app.rm.MainActivity, appPackage: com.blox.app.rm.uat, autoGrantPermissions: true, automationName: Flutter, deviceName: ZD222B2QJG, fullReset: true, noReset: false, platformName: ANDROID, platformVersion: 13}}]
Capabilities {app: C:\Users\Bloxuser\AndroidSt..., appActivity: com.blox.app.rm.MainActivity, appPackage: com.blox.app.rm.uat, autoGrantPermissions: true, automationName: Flutter, deviceName: ZD222B2QJG, fullReset: true, noReset: false, platformName: ANDROID, platformVersion: 13}]]>
            </message>
            <full-stacktrace>
              <![CDATA[org.openqa.selenium.SessionNotCreatedException: Could not start a new session. Response code 500. Message: An unknown server-side error occurred while processing the command. Original error: Could not find a connected Android device in 20088ms. 
Host info: host: 'DESKTOP-0QK6R0J', ip: '192.168.87.58'
Build info: version: '4.13.0', revision: 'ba948ece5b*'
System info: os.name: 'Windows 10', os.arch: 'amd64', os.version: '10.0', java.version: '17.0.6'
Driver info: io.appium.java_client.android.AndroidDriver
Command: [null, newSession {capabilities=[{appium:app=C:\Users\Bloxuser\AndroidStudioProjects\RM_APP\build\app\outputs\flutter-apk\app-uat-debug.apk, appium:appActivity=com.blox.app.rm.MainActivity, appium:appPackage=com.blox.app.rm.uat, appium:autoGrantPermissions=true, appium:automationName=Flutter, appium:deviceName=ZD222B2QJG, appium:fullReset=true, appium:noReset=false, platformName=ANDROID, appium:platformVersion=13}], desiredCapabilities=Capabilities {app: C:\Users\Bloxuser\AndroidSt..., appActivity: com.blox.app.rm.MainActivity, appPackage: com.blox.app.rm.uat, autoGrantPermissions: true, automationName: Flutter, deviceName: ZD222B2QJG, fullReset: true, noReset: false, platformName: ANDROID, platformVersion: 13}}]
Capabilities {app: C:\Users\Bloxuser\AndroidSt..., appActivity: com.blox.app.rm.MainActivity, appPackage: com.blox.app.rm.uat, autoGrantPermissions: true, automationName: Flutter, deviceName: ZD222B2QJG, fullReset: true, noReset: false, platformName: ANDROID, platformVersion: 13}
at org.openqa.selenium.remote.ProtocolHandshake.createSession(ProtocolHandshake.java:140)
at java.base/jdk.internal.reflect.NativeMethodAccessorImpl.invoke0(Native Method)
at java.base/jdk.internal.reflect.NativeMethodAccessorImpl.invoke(NativeMethodAccessorImpl.java:77)
at java.base/jdk.internal.reflect.DelegatingMethodAccessorImpl.invoke(DelegatingMethodAccessorImpl.java:43)
at java.base/java.lang.reflect.Method.invoke(Method.java:568)
at io.appium.java_client.remote.AppiumProtocolHandshake.createSession(AppiumProtocolHandshake.java:133)
at io.appium.java_client.remote.AppiumProtocolHandshake.createSession(AppiumProtocolHandshake.java:102)
at io.appium.java_client.remote.AppiumCommandExecutor.createSession(AppiumCommandExecutor.java:182)
at io.appium.java_client.remote.AppiumCommandExecutor.execute(AppiumCommandExecutor.java:250)
at org.openqa.selenium.remote.RemoteWebDriver.execute(RemoteWebDriver.java:602)
at io.appium.java_client.AppiumDriver.startSession(AppiumDriver.java:274)
at org.openqa.selenium.remote.RemoteWebDriver.<init>(RemoteWebDriver.java:163)
at io.appium.java_client.AppiumDriver.<init>(AppiumDriver.java:89)
at io.appium.java_client.AppiumDriver.<init>(AppiumDriver.java:101)
at io.appium.java_client.android.AndroidDriver.<init>(AndroidDriver.java:113)
at Rm_module.Applaunch.setUp(Applaunch.java:37)
at java.base/jdk.internal.reflect.NativeMethodAccessorImpl.invoke0(Native Method)
at java.base/jdk.internal.reflect.NativeMethodAccessorImpl.invoke(NativeMethodAccessorImpl.java:77)
at java.base/jdk.internal.reflect.DelegatingMethodAccessorImpl.invoke(DelegatingMethodAccessorImpl.java:43)
at java.base/java.lang.reflect.Method.invoke(Method.java:568)
at org.testng.internal.MethodInvocationHelper.invokeMethod(MethodInvocationHelper.java:133)
at org.testng.internal.MethodInvocationHelper.invokeMethodConsideringTimeout(MethodInvocationHelper.java:62)
at org.testng.internal.ConfigInvoker.invokeConfigurationMethod(ConfigInvoker.java:385)
at org.testng.internal.ConfigInvoker.invokeConfigurations(ConfigInvoker.java:321)
at org.testng.internal.TestInvoker.runConfigMethods(TestInvoker.java:700)
at org.testng.internal.TestInvoker.invokeMethod(TestInvoker.java:527)
at org.testng.internal.TestInvoker.invokeTestMethod(TestInvoker.java:173)
at org.testng.internal.MethodRunner.runInSequence(MethodRunner.java:46)
at org.testng.internal.TestInvoker$MethodInvocationAgent.invoke(TestInvoker.java:824)
at org.testng.internal.TestInvoker.invokeTestMethods(TestInvoker.java:146)
at org.testng.internal.TestMethodWorker.invokeTestMethods(TestMethodWorker.java:146)
at org.testng.internal.TestMethodWorker.run(TestMethodWorker.java:128)
at java.base/java.util.ArrayList.forEach(ArrayList.java:1511)
at org.testng.TestRunner.privateRun(TestRunner.java:794)
at org.testng.TestRunner.run(TestRunner.java:596)
at org.testng.SuiteRunner.runTest(SuiteRunner.java:377)
at org.testng.SuiteRunner.runSequentially(SuiteRunner.java:371)
at org.testng.SuiteRunner.privateRun(SuiteRunner.java:332)
at org.testng.SuiteRunner.run(SuiteRunner.java:276)
at org.testng.SuiteRunnerWorker.runSuite(SuiteRunnerWorker.java:53)
at org.testng.SuiteRunnerWorker.run(SuiteRunnerWorker.java:96)
at org.testng.TestNG.runSuitesSequentially(TestNG.java:1212)
at org.testng.TestNG.runSuitesLocally(TestNG.java:1134)
at org.testng.TestNG.runSuites(TestNG.java:1063)
at org.testng.TestNG.run(TestNG.java:1031)
at org.testng.remote.AbstractRemoteTestNG.run(AbstractRemoteTestNG.java:115)
at org.testng.remote.RemoteTestNG.initAndRun(RemoteTestNG.java:251)
at org.testng.remote.RemoteTestNG.main(RemoteTestNG.java:77)
]]>
            </full-stacktrace>
          </exception> <!-- org.openqa.selenium.SessionNotCreatedException -->
          <reporter-output>
          </reporter-output>
        </test-method> <!-- testcalendar -->
        <test-method is-config="true" signature="tearDown()[pri:0, instance:Rm_module.Applaunch@75cd8043]" started-at="2024-03-19T14:50:58 IST" name="tearDown" finished-at="1970-01-01T05:30:00 IST" duration-ms="-1710840058241" status="SKIP">
          <reporter-output>
          </reporter-output>
        </test-method> <!-- tearDown -->
        <test-method is-config="true" signature="setUp()[pri:0, instance:Rm_module.Applaunch@75cd8043]" started-at="2024-03-19T14:50:58 IST" name="setUp" finished-at="1970-01-01T05:30:00 IST" duration-ms="-1710840058245" status="SKIP">
          <reporter-output>
          </reporter-output>
        </test-method> <!-- setUp -->
        <test-method signature="testmembers()[pri:0, instance:Rm_module.Applaunch@75cd8043]" started-at="2024-03-19T14:50:58 IST" name="testmembers" finished-at="2024-03-19T14:50:58 IST" duration-ms="0" status="SKIP">
          <exception class="org.openqa.selenium.SessionNotCreatedException">
            <message>
              <![CDATA[Could not start a new session. Response code 500. Message: An unknown server-side error occurred while processing the command. Original error: Could not find a connected Android device in 20088ms. 
Host info: host: 'DESKTOP-0QK6R0J', ip: '192.168.87.58'
Build info: version: '4.13.0', revision: 'ba948ece5b*'
System info: os.name: 'Windows 10', os.arch: 'amd64', os.version: '10.0', java.version: '17.0.6'
Driver info: io.appium.java_client.android.AndroidDriver
Command: [null, newSession {capabilities=[{appium:app=C:\Users\Bloxuser\AndroidStudioProjects\RM_APP\build\app\outputs\flutter-apk\app-uat-debug.apk, appium:appActivity=com.blox.app.rm.MainActivity, appium:appPackage=com.blox.app.rm.uat, appium:autoGrantPermissions=true, appium:automationName=Flutter, appium:deviceName=ZD222B2QJG, appium:fullReset=true, appium:noReset=false, platformName=ANDROID, appium:platformVersion=13}], desiredCapabilities=Capabilities {app: C:\Users\Bloxuser\AndroidSt..., appActivity: com.blox.app.rm.MainActivity, appPackage: com.blox.app.rm.uat, autoGrantPermissions: true, automationName: Flutter, deviceName: ZD222B2QJG, fullReset: true, noReset: false, platformName: ANDROID, platformVersion: 13}}]
Capabilities {app: C:\Users\Bloxuser\AndroidSt..., appActivity: com.blox.app.rm.MainActivity, appPackage: com.blox.app.rm.uat, autoGrantPermissions: true, automationName: Flutter, deviceName: ZD222B2QJG, fullReset: true, noReset: false, platformName: ANDROID, platformVersion: 13}]]>
            </message>
            <full-stacktrace>
              <![CDATA[org.openqa.selenium.SessionNotCreatedException: Could not start a new session. Response code 500. Message: An unknown server-side error occurred while processing the command. Original error: Could not find a connected Android device in 20088ms. 
Host info: host: 'DESKTOP-0QK6R0J', ip: '192.168.87.58'
Build info: version: '4.13.0', revision: 'ba948ece5b*'
System info: os.name: 'Windows 10', os.arch: 'amd64', os.version: '10.0', java.version: '17.0.6'
Driver info: io.appium.java_client.android.AndroidDriver
Command: [null, newSession {capabilities=[{appium:app=C:\Users\Bloxuser\AndroidStudioProjects\RM_APP\build\app\outputs\flutter-apk\app-uat-debug.apk, appium:appActivity=com.blox.app.rm.MainActivity, appium:appPackage=com.blox.app.rm.uat, appium:autoGrantPermissions=true, appium:automationName=Flutter, appium:deviceName=ZD222B2QJG, appium:fullReset=true, appium:noReset=false, platformName=ANDROID, appium:platformVersion=13}], desiredCapabilities=Capabilities {app: C:\Users\Bloxuser\AndroidSt..., appActivity: com.blox.app.rm.MainActivity, appPackage: com.blox.app.rm.uat, autoGrantPermissions: true, automationName: Flutter, deviceName: ZD222B2QJG, fullReset: true, noReset: false, platformName: ANDROID, platformVersion: 13}}]
Capabilities {app: C:\Users\Bloxuser\AndroidSt..., appActivity: com.blox.app.rm.MainActivity, appPackage: com.blox.app.rm.uat, autoGrantPermissions: true, automationName: Flutter, deviceName: ZD222B2QJG, fullReset: true, noReset: false, platformName: ANDROID, platformVersion: 13}
at org.openqa.selenium.remote.ProtocolHandshake.createSession(ProtocolHandshake.java:140)
at java.base/jdk.internal.reflect.NativeMethodAccessorImpl.invoke0(Native Method)
at java.base/jdk.internal.reflect.NativeMethodAccessorImpl.invoke(NativeMethodAccessorImpl.java:77)
at java.base/jdk.internal.reflect.DelegatingMethodAccessorImpl.invoke(DelegatingMethodAccessorImpl.java:43)
at java.base/java.lang.reflect.Method.invoke(Method.java:568)
at io.appium.java_client.remote.AppiumProtocolHandshake.createSession(AppiumProtocolHandshake.java:133)
at io.appium.java_client.remote.AppiumProtocolHandshake.createSession(AppiumProtocolHandshake.java:102)
at io.appium.java_client.remote.AppiumCommandExecutor.createSession(AppiumCommandExecutor.java:182)
at io.appium.java_client.remote.AppiumCommandExecutor.execute(AppiumCommandExecutor.java:250)
at org.openqa.selenium.remote.RemoteWebDriver.execute(RemoteWebDriver.java:602)
at io.appium.java_client.AppiumDriver.startSession(AppiumDriver.java:274)
at org.openqa.selenium.remote.RemoteWebDriver.<init>(RemoteWebDriver.java:163)
at io.appium.java_client.AppiumDriver.<init>(AppiumDriver.java:89)
at io.appium.java_client.AppiumDriver.<init>(AppiumDriver.java:101)
at io.appium.java_client.android.AndroidDriver.<init>(AndroidDriver.java:113)
at Rm_module.Applaunch.setUp(Applaunch.java:37)
at java.base/jdk.internal.reflect.NativeMethodAccessorImpl.invoke0(Native Method)
at java.base/jdk.internal.reflect.NativeMethodAccessorImpl.invoke(NativeMethodAccessorImpl.java:77)
at java.base/jdk.internal.reflect.DelegatingMethodAccessorImpl.invoke(DelegatingMethodAccessorImpl.java:43)
at java.base/java.lang.reflect.Method.invoke(Method.java:568)
at org.testng.internal.MethodInvocationHelper.invokeMethod(MethodInvocationHelper.java:133)
at org.testng.internal.MethodInvocationHelper.invokeMethodConsideringTimeout(MethodInvocationHelper.java:62)
at org.testng.internal.ConfigInvoker.invokeConfigurationMethod(ConfigInvoker.java:385)
at org.testng.internal.ConfigInvoker.invokeConfigurations(ConfigInvoker.java:321)
at org.testng.internal.TestInvoker.runConfigMethods(TestInvoker.java:700)
at org.testng.internal.TestInvoker.invokeMethod(TestInvoker.java:527)
at org.testng.internal.TestInvoker.invokeTestMethod(TestInvoker.java:173)
at org.testng.internal.MethodRunner.runInSequence(MethodRunner.java:46)
at org.testng.internal.TestInvoker$MethodInvocationAgent.invoke(TestInvoker.java:824)
at org.testng.internal.TestInvoker.invokeTestMethods(TestInvoker.java:146)
at org.testng.internal.TestMethodWorker.invokeTestMethods(TestMethodWorker.java:146)
at org.testng.internal.TestMethodWorker.run(TestMethodWorker.java:128)
at java.base/java.util.ArrayList.forEach(ArrayList.java:1511)
at org.testng.TestRunner.privateRun(TestRunner.java:794)
at org.testng.TestRunner.run(TestRunner.java:596)
at org.testng.SuiteRunner.runTest(SuiteRunner.java:377)
at org.testng.SuiteRunner.runSequentially(SuiteRunner.java:371)
at org.testng.SuiteRunner.privateRun(SuiteRunner.java:332)
at org.testng.SuiteRunner.run(SuiteRunner.java:276)
at org.testng.SuiteRunnerWorker.runSuite(SuiteRunnerWorker.java:53)
at org.testng.SuiteRunnerWorker.run(SuiteRunnerWorker.java:96)
at org.testng.TestNG.runSuitesSequentially(TestNG.java:1212)
at org.testng.TestNG.runSuitesLocally(TestNG.java:1134)
at org.testng.TestNG.runSuites(TestNG.java:1063)
at org.testng.TestNG.run(TestNG.java:1031)
at org.testng.remote.AbstractRemoteTestNG.run(AbstractRemoteTestNG.java:115)
at org.testng.remote.RemoteTestNG.initAndRun(RemoteTestNG.java:251)
at org.testng.remote.RemoteTestNG.main(RemoteTestNG.java:77)
]]>
            </full-stacktrace>
          </exception> <!-- org.openqa.selenium.SessionNotCreatedException -->
          <reporter-output>
          </reporter-output>
        </test-method> <!-- testmembers -->
        <test-method is-config="true" signature="tearDown()[pri:0, instance:Rm_module.Applaunch@75cd8043]" started-at="2024-03-19T14:50:58 IST" name="tearDown" finished-at="1970-01-01T05:30:00 IST" duration-ms="-1710840058248" status="SKIP">
          <reporter-output>
          </reporter-output>
        </test-method> <!-- tearDown -->
        <test-method is-config="true" signature="setUp()[pri:0, instance:Rm_module.Applaunch@75cd8043]" started-at="2024-03-19T14:50:58 IST" name="setUp" finished-at="1970-01-01T05:30:00 IST" duration-ms="-1710840058249" status="SKIP">
          <reporter-output>
          </reporter-output>
        </test-method> <!-- setUp -->
        <test-method signature="testoverview()[pri:0, instance:Rm_module.Applaunch@75cd8043]" started-at="2024-03-19T14:50:58 IST" name="testoverview" finished-at="2024-03-19T14:50:58 IST" duration-ms="0" status="SKIP">
          <exception class="org.openqa.selenium.SessionNotCreatedException">
            <message>
              <![CDATA[Could not start a new session. Response code 500. Message: An unknown server-side error occurred while processing the command. Original error: Could not find a connected Android device in 20088ms. 
Host info: host: 'DESKTOP-0QK6R0J', ip: '192.168.87.58'
Build info: version: '4.13.0', revision: 'ba948ece5b*'
System info: os.name: 'Windows 10', os.arch: 'amd64', os.version: '10.0', java.version: '17.0.6'
Driver info: io.appium.java_client.android.AndroidDriver
Command: [null, newSession {capabilities=[{appium:app=C:\Users\Bloxuser\AndroidStudioProjects\RM_APP\build\app\outputs\flutter-apk\app-uat-debug.apk, appium:appActivity=com.blox.app.rm.MainActivity, appium:appPackage=com.blox.app.rm.uat, appium:autoGrantPermissions=true, appium:automationName=Flutter, appium:deviceName=ZD222B2QJG, appium:fullReset=true, appium:noReset=false, platformName=ANDROID, appium:platformVersion=13}], desiredCapabilities=Capabilities {app: C:\Users\Bloxuser\AndroidSt..., appActivity: com.blox.app.rm.MainActivity, appPackage: com.blox.app.rm.uat, autoGrantPermissions: true, automationName: Flutter, deviceName: ZD222B2QJG, fullReset: true, noReset: false, platformName: ANDROID, platformVersion: 13}}]
Capabilities {app: C:\Users\Bloxuser\AndroidSt..., appActivity: com.blox.app.rm.MainActivity, appPackage: com.blox.app.rm.uat, autoGrantPermissions: true, automationName: Flutter, deviceName: ZD222B2QJG, fullReset: true, noReset: false, platformName: ANDROID, platformVersion: 13}]]>
            </message>
            <full-stacktrace>
              <![CDATA[org.openqa.selenium.SessionNotCreatedException: Could not start a new session. Response code 500. Message: An unknown server-side error occurred while processing the command. Original error: Could not find a connected Android device in 20088ms. 
Host info: host: 'DESKTOP-0QK6R0J', ip: '192.168.87.58'
Build info: version: '4.13.0', revision: 'ba948ece5b*'
System info: os.name: 'Windows 10', os.arch: 'amd64', os.version: '10.0', java.version: '17.0.6'
Driver info: io.appium.java_client.android.AndroidDriver
Command: [null, newSession {capabilities=[{appium:app=C:\Users\Bloxuser\AndroidStudioProjects\RM_APP\build\app\outputs\flutter-apk\app-uat-debug.apk, appium:appActivity=com.blox.app.rm.MainActivity, appium:appPackage=com.blox.app.rm.uat, appium:autoGrantPermissions=true, appium:automationName=Flutter, appium:deviceName=ZD222B2QJG, appium:fullReset=true, appium:noReset=false, platformName=ANDROID, appium:platformVersion=13}], desiredCapabilities=Capabilities {app: C:\Users\Bloxuser\AndroidSt..., appActivity: com.blox.app.rm.MainActivity, appPackage: com.blox.app.rm.uat, autoGrantPermissions: true, automationName: Flutter, deviceName: ZD222B2QJG, fullReset: true, noReset: false, platformName: ANDROID, platformVersion: 13}}]
Capabilities {app: C:\Users\Bloxuser\AndroidSt..., appActivity: com.blox.app.rm.MainActivity, appPackage: com.blox.app.rm.uat, autoGrantPermissions: true, automationName: Flutter, deviceName: ZD222B2QJG, fullReset: true, noReset: false, platformName: ANDROID, platformVersion: 13}
at org.openqa.selenium.remote.ProtocolHandshake.createSession(ProtocolHandshake.java:140)
at java.base/jdk.internal.reflect.NativeMethodAccessorImpl.invoke0(Native Method)
at java.base/jdk.internal.reflect.NativeMethodAccessorImpl.invoke(NativeMethodAccessorImpl.java:77)
at java.base/jdk.internal.reflect.DelegatingMethodAccessorImpl.invoke(DelegatingMethodAccessorImpl.java:43)
at java.base/java.lang.reflect.Method.invoke(Method.java:568)
at io.appium.java_client.remote.AppiumProtocolHandshake.createSession(AppiumProtocolHandshake.java:133)
at io.appium.java_client.remote.AppiumProtocolHandshake.createSession(AppiumProtocolHandshake.java:102)
at io.appium.java_client.remote.AppiumCommandExecutor.createSession(AppiumCommandExecutor.java:182)
at io.appium.java_client.remote.AppiumCommandExecutor.execute(AppiumCommandExecutor.java:250)
at org.openqa.selenium.remote.RemoteWebDriver.execute(RemoteWebDriver.java:602)
at io.appium.java_client.AppiumDriver.startSession(AppiumDriver.java:274)
at org.openqa.selenium.remote.RemoteWebDriver.<init>(RemoteWebDriver.java:163)
at io.appium.java_client.AppiumDriver.<init>(AppiumDriver.java:89)
at io.appium.java_client.AppiumDriver.<init>(AppiumDriver.java:101)
at io.appium.java_client.android.AndroidDriver.<init>(AndroidDriver.java:113)
at Rm_module.Applaunch.setUp(Applaunch.java:37)
at java.base/jdk.internal.reflect.NativeMethodAccessorImpl.invoke0(Native Method)
at java.base/jdk.internal.reflect.NativeMethodAccessorImpl.invoke(NativeMethodAccessorImpl.java:77)
at java.base/jdk.internal.reflect.DelegatingMethodAccessorImpl.invoke(DelegatingMethodAccessorImpl.java:43)
at java.base/java.lang.reflect.Method.invoke(Method.java:568)
at org.testng.internal.MethodInvocationHelper.invokeMethod(MethodInvocationHelper.java:133)
at org.testng.internal.MethodInvocationHelper.invokeMethodConsideringTimeout(MethodInvocationHelper.java:62)
at org.testng.internal.ConfigInvoker.invokeConfigurationMethod(ConfigInvoker.java:385)
at org.testng.internal.ConfigInvoker.invokeConfigurations(ConfigInvoker.java:321)
at org.testng.internal.TestInvoker.runConfigMethods(TestInvoker.java:700)
at org.testng.internal.TestInvoker.invokeMethod(TestInvoker.java:527)
at org.testng.internal.TestInvoker.invokeTestMethod(TestInvoker.java:173)
at org.testng.internal.MethodRunner.runInSequence(MethodRunner.java:46)
at org.testng.internal.TestInvoker$MethodInvocationAgent.invoke(TestInvoker.java:824)
at org.testng.internal.TestInvoker.invokeTestMethods(TestInvoker.java:146)
at org.testng.internal.TestMethodWorker.invokeTestMethods(TestMethodWorker.java:146)
at org.testng.internal.TestMethodWorker.run(TestMethodWorker.java:128)
at java.base/java.util.ArrayList.forEach(ArrayList.java:1511)
at org.testng.TestRunner.privateRun(TestRunner.java:794)
at org.testng.TestRunner.run(TestRunner.java:596)
at org.testng.SuiteRunner.runTest(SuiteRunner.java:377)
at org.testng.SuiteRunner.runSequentially(SuiteRunner.java:371)
at org.testng.SuiteRunner.privateRun(SuiteRunner.java:332)
at org.testng.SuiteRunner.run(SuiteRunner.java:276)
at org.testng.SuiteRunnerWorker.runSuite(SuiteRunnerWorker.java:53)
at org.testng.SuiteRunnerWorker.run(SuiteRunnerWorker.java:96)
at org.testng.TestNG.runSuitesSequentially(TestNG.java:1212)
at org.testng.TestNG.runSuitesLocally(TestNG.java:1134)
at org.testng.TestNG.runSuites(TestNG.java:1063)
at org.testng.TestNG.run(TestNG.java:1031)
at org.testng.remote.AbstractRemoteTestNG.run(AbstractRemoteTestNG.java:115)
at org.testng.remote.RemoteTestNG.initAndRun(RemoteTestNG.java:251)
at org.testng.remote.RemoteTestNG.main(RemoteTestNG.java:77)
]]>
            </full-stacktrace>
          </exception> <!-- org.openqa.selenium.SessionNotCreatedException -->
          <reporter-output>
          </reporter-output>
        </test-method> <!-- testoverview -->
        <test-method is-config="true" signature="tearDown()[pri:0, instance:Rm_module.Applaunch@75cd8043]" started-at="2024-03-19T14:50:58 IST" name="tearDown" finished-at="1970-01-01T05:30:00 IST" duration-ms="-1710840058256" status="SKIP">
          <reporter-output>
          </reporter-output>
        </test-method> <!-- tearDown -->
        <test-method is-config="true" signature="setUp()[pri:0, instance:Rm_module.Applaunch@75cd8043]" started-at="2024-03-19T14:50:58 IST" name="setUp" finished-at="1970-01-01T05:30:00 IST" duration-ms="-1710840058259" status="SKIP">
          <reporter-output>
          </reporter-output>
        </test-method> <!-- setUp -->
        <test-method signature="testupdatecustomerprofile()[pri:0, instance:Rm_module.Applaunch@75cd8043]" started-at="2024-03-19T14:50:58 IST" name="testupdatecustomerprofile" finished-at="2024-03-19T14:50:58 IST" duration-ms="0" status="SKIP">
          <exception class="org.openqa.selenium.SessionNotCreatedException">
            <message>
              <![CDATA[Could not start a new session. Response code 500. Message: An unknown server-side error occurred while processing the command. Original error: Could not find a connected Android device in 20088ms. 
Host info: host: 'DESKTOP-0QK6R0J', ip: '192.168.87.58'
Build info: version: '4.13.0', revision: 'ba948ece5b*'
System info: os.name: 'Windows 10', os.arch: 'amd64', os.version: '10.0', java.version: '17.0.6'
Driver info: io.appium.java_client.android.AndroidDriver
Command: [null, newSession {capabilities=[{appium:app=C:\Users\Bloxuser\AndroidStudioProjects\RM_APP\build\app\outputs\flutter-apk\app-uat-debug.apk, appium:appActivity=com.blox.app.rm.MainActivity, appium:appPackage=com.blox.app.rm.uat, appium:autoGrantPermissions=true, appium:automationName=Flutter, appium:deviceName=ZD222B2QJG, appium:fullReset=true, appium:noReset=false, platformName=ANDROID, appium:platformVersion=13}], desiredCapabilities=Capabilities {app: C:\Users\Bloxuser\AndroidSt..., appActivity: com.blox.app.rm.MainActivity, appPackage: com.blox.app.rm.uat, autoGrantPermissions: true, automationName: Flutter, deviceName: ZD222B2QJG, fullReset: true, noReset: false, platformName: ANDROID, platformVersion: 13}}]
Capabilities {app: C:\Users\Bloxuser\AndroidSt..., appActivity: com.blox.app.rm.MainActivity, appPackage: com.blox.app.rm.uat, autoGrantPermissions: true, automationName: Flutter, deviceName: ZD222B2QJG, fullReset: true, noReset: false, platformName: ANDROID, platformVersion: 13}]]>
            </message>
            <full-stacktrace>
              <![CDATA[org.openqa.selenium.SessionNotCreatedException: Could not start a new session. Response code 500. Message: An unknown server-side error occurred while processing the command. Original error: Could not find a connected Android device in 20088ms. 
Host info: host: 'DESKTOP-0QK6R0J', ip: '192.168.87.58'
Build info: version: '4.13.0', revision: 'ba948ece5b*'
System info: os.name: 'Windows 10', os.arch: 'amd64', os.version: '10.0', java.version: '17.0.6'
Driver info: io.appium.java_client.android.AndroidDriver
Command: [null, newSession {capabilities=[{appium:app=C:\Users\Bloxuser\AndroidStudioProjects\RM_APP\build\app\outputs\flutter-apk\app-uat-debug.apk, appium:appActivity=com.blox.app.rm.MainActivity, appium:appPackage=com.blox.app.rm.uat, appium:autoGrantPermissions=true, appium:automationName=Flutter, appium:deviceName=ZD222B2QJG, appium:fullReset=true, appium:noReset=false, platformName=ANDROID, appium:platformVersion=13}], desiredCapabilities=Capabilities {app: C:\Users\Bloxuser\AndroidSt..., appActivity: com.blox.app.rm.MainActivity, appPackage: com.blox.app.rm.uat, autoGrantPermissions: true, automationName: Flutter, deviceName: ZD222B2QJG, fullReset: true, noReset: false, platformName: ANDROID, platformVersion: 13}}]
Capabilities {app: C:\Users\Bloxuser\AndroidSt..., appActivity: com.blox.app.rm.MainActivity, appPackage: com.blox.app.rm.uat, autoGrantPermissions: true, automationName: Flutter, deviceName: ZD222B2QJG, fullReset: true, noReset: false, platformName: ANDROID, platformVersion: 13}
at org.openqa.selenium.remote.ProtocolHandshake.createSession(ProtocolHandshake.java:140)
at java.base/jdk.internal.reflect.NativeMethodAccessorImpl.invoke0(Native Method)
at java.base/jdk.internal.reflect.NativeMethodAccessorImpl.invoke(NativeMethodAccessorImpl.java:77)
at java.base/jdk.internal.reflect.DelegatingMethodAccessorImpl.invoke(DelegatingMethodAccessorImpl.java:43)
at java.base/java.lang.reflect.Method.invoke(Method.java:568)
at io.appium.java_client.remote.AppiumProtocolHandshake.createSession(AppiumProtocolHandshake.java:133)
at io.appium.java_client.remote.AppiumProtocolHandshake.createSession(AppiumProtocolHandshake.java:102)
at io.appium.java_client.remote.AppiumCommandExecutor.createSession(AppiumCommandExecutor.java:182)
at io.appium.java_client.remote.AppiumCommandExecutor.execute(AppiumCommandExecutor.java:250)
at org.openqa.selenium.remote.RemoteWebDriver.execute(RemoteWebDriver.java:602)
at io.appium.java_client.AppiumDriver.startSession(AppiumDriver.java:274)
at org.openqa.selenium.remote.RemoteWebDriver.<init>(RemoteWebDriver.java:163)
at io.appium.java_client.AppiumDriver.<init>(AppiumDriver.java:89)
at io.appium.java_client.AppiumDriver.<init>(AppiumDriver.java:101)
at io.appium.java_client.android.AndroidDriver.<init>(AndroidDriver.java:113)
at Rm_module.Applaunch.setUp(Applaunch.java:37)
at java.base/jdk.internal.reflect.NativeMethodAccessorImpl.invoke0(Native Method)
at java.base/jdk.internal.reflect.NativeMethodAccessorImpl.invoke(NativeMethodAccessorImpl.java:77)
at java.base/jdk.internal.reflect.DelegatingMethodAccessorImpl.invoke(DelegatingMethodAccessorImpl.java:43)
at java.base/java.lang.reflect.Method.invoke(Method.java:568)
at org.testng.internal.MethodInvocationHelper.invokeMethod(MethodInvocationHelper.java:133)
at org.testng.internal.MethodInvocationHelper.invokeMethodConsideringTimeout(MethodInvocationHelper.java:62)
at org.testng.internal.ConfigInvoker.invokeConfigurationMethod(ConfigInvoker.java:385)
at org.testng.internal.ConfigInvoker.invokeConfigurations(ConfigInvoker.java:321)
at org.testng.internal.TestInvoker.runConfigMethods(TestInvoker.java:700)
at org.testng.internal.TestInvoker.invokeMethod(TestInvoker.java:527)
at org.testng.internal.TestInvoker.invokeTestMethod(TestInvoker.java:173)
at org.testng.internal.MethodRunner.runInSequence(MethodRunner.java:46)
at org.testng.internal.TestInvoker$MethodInvocationAgent.invoke(TestInvoker.java:824)
at org.testng.internal.TestInvoker.invokeTestMethods(TestInvoker.java:146)
at org.testng.internal.TestMethodWorker.invokeTestMethods(TestMethodWorker.java:146)
at org.testng.internal.TestMethodWorker.run(TestMethodWorker.java:128)
at java.base/java.util.ArrayList.forEach(ArrayList.java:1511)
at org.testng.TestRunner.privateRun(TestRunner.java:794)
at org.testng.TestRunner.run(TestRunner.java:596)
at org.testng.SuiteRunner.runTest(SuiteRunner.java:377)
at org.testng.SuiteRunner.runSequentially(SuiteRunner.java:371)
at org.testng.SuiteRunner.privateRun(SuiteRunner.java:332)
at org.testng.SuiteRunner.run(SuiteRunner.java:276)
at org.testng.SuiteRunnerWorker.runSuite(SuiteRunnerWorker.java:53)
at org.testng.SuiteRunnerWorker.run(SuiteRunnerWorker.java:96)
at org.testng.TestNG.runSuitesSequentially(TestNG.java:1212)
at org.testng.TestNG.runSuitesLocally(TestNG.java:1134)
at org.testng.TestNG.runSuites(TestNG.java:1063)
at org.testng.TestNG.run(TestNG.java:1031)
at org.testng.remote.AbstractRemoteTestNG.run(AbstractRemoteTestNG.java:115)
at org.testng.remote.RemoteTestNG.initAndRun(RemoteTestNG.java:251)
at org.testng.remote.RemoteTestNG.main(RemoteTestNG.java:77)
]]>
            </full-stacktrace>
          </exception> <!-- org.openqa.selenium.SessionNotCreatedException -->
          <reporter-output>
          </reporter-output>
        </test-method> <!-- testupdatecustomerprofile -->
        <test-method is-config="true" signature="tearDown()[pri:0, instance:Rm_module.Applaunch@75cd8043]" started-at="2024-03-19T14:50:58 IST" name="tearDown" finished-at="1970-01-01T05:30:00 IST" duration-ms="-1710840058268" status="SKIP">
          <reporter-output>
          </reporter-output>
        </test-method> <!-- tearDown -->
      </class> <!-- Rm_module.Applaunch -->
    </test> <!-- Default test -->
  </suite> <!-- Default suite -->
</testng-results>
